<?xml version="1.0" encoding="UTF-8"?>
<coverage generated="1762075291896" clover="3.2.0">
  <project timestamp="1762075291896" name="All files">
    <metrics statements="276" coveredstatements="208" conditionals="273" coveredconditionals="154" methods="34" coveredmethods="30" elements="583" coveredelements="392" complexity="0" loc="276" ncloc="276" packages="1" files="1" classes="1"/>
    <file name="index.js" path="C:\Users\rohit\OneDrive\Desktop\ssrf\lib\index.js">
      <metrics statements="276" coveredstatements="208" conditionals="273" coveredconditionals="154" methods="34" coveredmethods="30"/>
      <line num="1" count="1" type="stmt"/>
      <line num="2" count="1" type="stmt"/>
      <line num="3" count="1" type="stmt"/>
      <line num="6" count="1" type="stmt"/>
      <line num="11" count="1" type="stmt"/>
      <line num="14" count="1" type="stmt"/>
      <line num="15" count="1" type="stmt"/>
      <line num="17" count="1" type="cond" truecount="0" falsecount="1"/>
      <line num="34" count="23" type="stmt"/>
      <line num="35" count="23" type="stmt"/>
      <line num="38" count="23" type="cond" truecount="2" falsecount="0"/>
      <line num="39" count="23" type="cond" truecount="1" falsecount="1"/>
      <line num="40" count="0" type="stmt"/>
      <line num="41" count="0" type="stmt"/>
      <line num="43" count="23" type="cond" truecount="1" falsecount="1"/>
      <line num="44" count="0" type="stmt"/>
      <line num="45" count="0" type="stmt"/>
      <line num="49" count="23" type="stmt"/>
      <line num="54" count="23" type="stmt"/>
      <line num="60" count="23" type="cond" truecount="2" falsecount="0"/>
      <line num="61" count="21" type="stmt"/>
      <line num="65" count="1" type="stmt"/>
      <line num="66" count="14" type="stmt"/>
      <line num="68" count="14" type="stmt"/>
      <line num="71" count="14" type="stmt"/>
      <line num="72" count="14" type="cond" truecount="4" falsecount="0"/>
      <line num="73" count="9" type="stmt"/>
      <line num="77" count="5" type="cond" truecount="1" falsecount="1"/>
      <line num="78" count="5" type="stmt"/>
      <line num="80" count="0" type="stmt"/>
      <line num="85" count="16" type="cond" truecount="1" falsecount="1"/>
      <line num="86" count="16" type="cond" truecount="1" falsecount="1"/>
      <line num="87" count="0" type="stmt"/>
      <line num="91" count="16" type="stmt"/>
      <line num="92" count="16" type="cond" truecount="2" falsecount="0"/>
      <line num="94" count="15" type="cond" truecount="2" falsecount="0"/>
      <line num="95" count="6" type="stmt"/>
      <line num="96" count="6" type="stmt"/>
      <line num="97" count="6" type="cond" truecount="4" falsecount="0"/>
      <line num="98" count="2" type="stmt"/>
      <line num="100" count="4" type="stmt"/>
      <line num="103" count="0" type="stmt"/>
      <line num="106" count="9" type="stmt"/>
      <line num="112" count="16" type="stmt"/>
      <line num="113" count="16" type="stmt"/>
      <line num="115" count="0" type="stmt"/>
      <line num="119" count="16" type="cond" truecount="1" falsecount="1"/>
      <line num="120" count="0" type="stmt"/>
      <line num="122" count="16" type="stmt"/>
      <line num="127" count="10" type="cond" truecount="1" falsecount="1"/>
      <line num="128" count="10" type="stmt"/>
      <line num="129" count="10" type="stmt"/>
      <line num="130" count="10" type="stmt"/>
      <line num="132" count="0" type="stmt"/>
      <line num="136" count="1" type="stmt"/>
      <line num="138" count="14" type="cond" truecount="2" falsecount="0"/>
      <line num="141" count="1" type="stmt"/>
      <line num="142" count="14" type="stmt"/>
      <line num="145" count="14" type="cond" truecount="2" falsecount="0"/>
      <line num="146" count="14" type="cond" truecount="2" falsecount="0"/>
      <line num="148" count="13" type="stmt"/>
      <line num="151" count="13" type="cond" truecount="2" falsecount="2"/>
      <line num="152" count="0" type="stmt"/>
      <line num="153" count="0" type="stmt"/>
      <line num="155" count="13" type="cond" truecount="2" falsecount="0"/>
      <line num="156" count="1" type="stmt"/>
      <line num="157" count="1" type="stmt"/>
      <line num="161" count="12" type="stmt"/>
      <line num="163" count="12" type="stmt"/>
      <line num="164" count="12" type="cond" truecount="2" falsecount="0"/>
      <line num="165" count="4" type="stmt"/>
      <line num="166" count="8" type="cond" truecount="2" falsecount="2"/>
      <line num="167" count="0" type="stmt"/>
      <line num="170" count="8" type="cond" truecount="1" falsecount="1"/>
      <line num="171" count="8" type="stmt"/>
      <line num="172" count="8" type="cond" truecount="4" falsecount="0"/>
      <line num="173" count="1" type="stmt"/>
      <line num="177" count="12" type="cond" truecount="2" falsecount="0"/>
      <line num="178" count="7" type="stmt"/>
      <line num="179" count="7" type="stmt"/>
      <line num="181" count="0" type="stmt"/>
      <line num="182" count="0" type="stmt"/>
      <line num="187" count="12" type="cond" truecount="2" falsecount="0"/>
      <line num="188" count="12" type="stmt"/>
      <line num="189" count="12" type="stmt"/>
      <line num="190" count="12" type="stmt"/>
      <line num="192" count="12" type="cond" truecount="2" falsecount="0"/>
      <line num="193" count="1" type="stmt"/>
      <line num="194" count="1" type="stmt"/>
      <line num="197" count="11" type="cond" truecount="2" falsecount="0"/>
      <line num="200" count="11" type="cond" truecount="4" falsecount="0"/>
      <line num="201" count="6" type="stmt"/>
      <line num="202" count="6" type="stmt"/>
      <line num="206" count="5" type="cond" truecount="1" falsecount="1"/>
      <line num="207" count="0" type="stmt"/>
      <line num="208" count="0" type="stmt"/>
      <line num="211" count="5" type="stmt"/>
      <line num="215" count="8" type="stmt"/>
      <line num="216" count="8" type="stmt"/>
      <line num="217" count="8" type="cond" truecount="1" falsecount="1"/>
      <line num="218" count="8" type="cond" truecount="1" falsecount="1"/>
      <line num="219" count="8" type="stmt"/>
      <line num="226" count="46" type="stmt"/>
      <line num="227" count="46" type="stmt"/>
      <line num="228" count="46" type="stmt"/>
      <line num="232" count="50" type="cond" truecount="1" falsecount="1"/>
      <line num="233" count="50" type="cond" truecount="1" falsecount="1"/>
      <line num="234" count="50" type="cond" truecount="1" falsecount="1"/>
      <line num="235" count="50" type="cond" truecount="1" falsecount="1"/>
      <line num="239" count="50" type="stmt"/>
      <line num="240" count="50" type="cond" truecount="2" falsecount="0"/>
      <line num="241" count="50" type="cond" truecount="1" falsecount="1"/>
      <line num="242" count="50" type="cond" truecount="2" falsecount="0"/>
      <line num="243" count="50" type="stmt"/>
      <line num="247" count="0" type="stmt"/>
      <line num="248" count="0" type="stmt"/>
      <line num="249" count="0" type="stmt"/>
      <line num="250" count="0" type="stmt"/>
      <line num="251" count="0" type="stmt"/>
      <line num="252" count="0" type="stmt"/>
      <line num="253" count="0" type="cond" truecount="0" falsecount="4"/>
      <line num="255" count="0" type="stmt"/>
      <line num="256" count="0" type="cond" truecount="0" falsecount="2"/>
      <line num="257" count="0" type="stmt"/>
      <line num="258" count="0" type="stmt"/>
      <line num="261" count="0" type="cond" truecount="0" falsecount="2"/>
      <line num="262" count="0" type="stmt"/>
      <line num="263" count="0" type="stmt"/>
      <line num="266" count="0" type="stmt"/>
      <line num="268" count="0" type="stmt"/>
      <line num="270" count="0" type="stmt"/>
      <line num="275" count="4" type="cond" truecount="3" falsecount="1"/>
      <line num="276" count="4" type="stmt"/>
      <line num="277" count="4" type="stmt"/>
      <line num="278" count="4" type="stmt"/>
      <line num="280" count="0" type="stmt"/>
      <line num="285" count="28" type="cond" truecount="1" falsecount="1"/>
      <line num="286" count="28" type="cond" truecount="1" falsecount="1"/>
      <line num="287" count="28" type="stmt"/>
      <line num="288" count="28" type="stmt"/>
      <line num="289" count="28" type="stmt"/>
      <line num="290" count="4" type="cond" truecount="1" falsecount="1"/>
      <line num="293" count="0" type="stmt"/>
      <line num="295" count="24" type="stmt"/>
      <line num="301" count="14" type="cond" truecount="1" falsecount="1"/>
      <line num="302" count="14" type="stmt"/>
      <line num="303" count="14" type="cond" truecount="1" falsecount="1"/>
      <line num="309" count="14" type="stmt"/>
      <line num="310" count="14" type="cond" truecount="4" falsecount="0"/>
      <line num="311" count="11" type="stmt"/>
      <line num="312" count="11" type="stmt"/>
      <line num="313" count="23" type="stmt"/>
      <line num="314" count="23" type="cond" truecount="4" falsecount="0"/>
      <line num="315" count="16" type="stmt"/>
      <line num="319" count="4" type="cond" truecount="1" falsecount="1"/>
      <line num="320" count="16" type="cond" truecount="1" falsecount="1"/>
      <line num="321" count="4" type="stmt"/>
      <line num="322" count="0" type="cond" truecount="0" falsecount="2"/>
      <line num="323" count="0" type="cond" truecount="0" falsecount="5"/>
      <line num="324" count="0" type="stmt"/>
      <line num="325" count="0" type="cond" truecount="0" falsecount="2"/>
      <line num="326" count="0" type="cond" truecount="0" falsecount="4"/>
      <line num="327" count="0" type="stmt"/>
      <line num="329" count="0" type="stmt"/>
      <line num="331" count="4" type="cond" truecount="4" falsecount="1"/>
      <line num="332" count="4" type="stmt"/>
      <line num="336" count="3" type="stmt"/>
      <line num="337" count="3" type="cond" truecount="1" falsecount="1"/>
      <line num="338" count="0" type="stmt"/>
      <line num="342" count="4" type="stmt"/>
      <line num="343" count="4" type="stmt"/>
      <line num="344" count="4" type="stmt"/>
      <line num="345" count="4" type="stmt"/>
      <line num="346" count="4" type="stmt"/>
      <line num="350" count="23" type="cond" truecount="1" falsecount="1"/>
      <line num="351" count="23" type="stmt"/>
      <line num="352" count="23" type="stmt"/>
      <line num="353" count="23" type="cond" truecount="2" falsecount="2"/>
      <line num="354" count="23" type="cond" truecount="2" falsecount="0"/>
      <line num="355" count="16" type="stmt"/>
      <line num="356" count="16" type="cond" truecount="1" falsecount="1"/>
      <line num="357" count="16" type="stmt"/>
      <line num="361" count="3" type="stmt"/>
      <line num="362" count="3" type="stmt"/>
      <line num="363" count="3" type="cond" truecount="2" falsecount="2"/>
      <line num="364" count="3" type="cond" truecount="1" falsecount="1"/>
      <line num="365" count="0" type="stmt"/>
      <line num="366" count="0" type="cond" truecount="0" falsecount="5"/>
      <line num="367" count="0" type="stmt"/>
      <line num="371" count="26" type="cond" truecount="1" falsecount="1"/>
      <line num="372" count="26" type="cond" truecount="1" falsecount="1"/>
      <line num="374" count="26" type="cond" truecount="1" falsecount="1"/>
      <line num="375" count="26" type="stmt"/>
      <line num="379" count="26" type="cond" truecount="1" falsecount="1"/>
      <line num="380" count="26" type="cond" truecount="1" falsecount="1"/>
      <line num="381" count="26" type="stmt"/>
      <line num="384" count="1" type="stmt"/>
      <line num="392" count="2" type="stmt"/>
      <line num="399" count="2" type="cond" truecount="2" falsecount="0"/>
      <line num="400" count="2" type="cond" truecount="1" falsecount="1"/>
      <line num="401" count="2" type="cond" truecount="1" falsecount="1"/>
      <line num="402" count="2" type="stmt"/>
      <line num="403" count="2" type="stmt"/>
      <line num="404" count="2" type="stmt"/>
      <line num="408" count="2" type="cond" truecount="1" falsecount="1"/>
      <line num="412" count="2" type="stmt"/>
      <line num="413" count="2" type="cond" truecount="1" falsecount="1"/>
      <line num="414" count="2" type="cond" truecount="1" falsecount="1"/>
      <line num="416" count="2" type="stmt"/>
      <line num="418" count="2" type="cond" truecount="2" falsecount="2"/>
      <line num="419" count="0" type="stmt"/>
      <line num="420" count="0" type="stmt"/>
      <line num="422" count="2" type="cond" truecount="1" falsecount="1"/>
      <line num="423" count="0" type="stmt"/>
      <line num="424" count="0" type="stmt"/>
      <line num="427" count="2" type="stmt"/>
      <line num="428" count="2" type="stmt"/>
      <line num="429" count="2" type="cond" truecount="1" falsecount="1"/>
      <line num="430" count="0" type="stmt"/>
      <line num="431" count="2" type="cond" truecount="2" falsecount="2"/>
      <line num="432" count="0" type="stmt"/>
      <line num="434" count="2" type="cond" truecount="1" falsecount="1"/>
      <line num="435" count="2" type="stmt"/>
      <line num="436" count="2" type="cond" truecount="4" falsecount="0"/>
      <line num="437" count="1" type="stmt"/>
      <line num="440" count="2" type="cond" truecount="2" falsecount="0"/>
      <line num="441" count="1" type="stmt"/>
      <line num="442" count="1" type="stmt"/>
      <line num="444" count="0" type="stmt"/>
      <line num="448" count="2" type="cond" truecount="2" falsecount="0"/>
      <line num="449" count="2" type="stmt"/>
      <line num="450" count="2" type="stmt"/>
      <line num="451" count="2" type="stmt"/>
      <line num="452" count="2" type="cond" truecount="1" falsecount="1"/>
      <line num="453" count="2" type="cond" truecount="1" falsecount="1"/>
      <line num="454" count="2" type="cond" truecount="4" falsecount="0"/>
      <line num="456" count="1" type="cond" truecount="1" falsecount="1"/>
      <line num="458" count="1" type="stmt"/>
      <line num="462" count="2" type="stmt"/>
      <line num="463" count="2" type="stmt"/>
      <line num="464" count="2" type="cond" truecount="2" falsecount="0"/>
      <line num="465" count="1" type="cond" truecount="1" falsecount="1"/>
      <line num="466" count="1" type="stmt"/>
      <line num="470" count="2" type="stmt"/>
      <line num="471" count="2" type="cond" truecount="1" falsecount="5"/>
      <line num="472" count="2" type="cond" truecount="3" falsecount="1"/>
      <line num="474" count="0" type="stmt"/>
      <line num="487" count="2" type="stmt"/>
      <line num="489" count="2" type="stmt"/>
      <line num="490" count="2" type="stmt"/>
      <line num="491" count="2" type="cond" truecount="1" falsecount="1"/>
      <line num="492" count="0" type="stmt"/>
      <line num="493" count="0" type="cond" truecount="0" falsecount="2"/>
      <line num="494" count="0" type="cond" truecount="0" falsecount="6"/>
      <line num="495" count="0" type="stmt"/>
      <line num="496" count="0" type="stmt"/>
      <line num="498" count="2" type="stmt"/>
      <line num="499" count="2" type="cond" truecount="2" falsecount="0"/>
      <line num="500" count="1" type="cond" truecount="1" falsecount="1"/>
      <line num="501" count="1" type="cond" truecount="4" falsecount="2"/>
      <line num="502" count="0" type="stmt"/>
      <line num="503" count="0" type="stmt"/>
      <line num="505" count="1" type="stmt"/>
      <line num="506" count="1" type="stmt"/>
      <line num="507" count="1" type="cond" truecount="2" falsecount="2"/>
      <line num="509" count="1" type="stmt"/>
      <line num="514" count="1" type="cond" truecount="0" falsecount="1"/>
      <line num="515" count="0" type="stmt"/>
      <line num="516" count="0" type="stmt"/>
      <line num="518" count="0" type="stmt"/>
      <line num="519" count="0" type="cond" truecount="0" falsecount="2"/>
      <line num="520" count="0" type="stmt"/>
      <line num="522" count="0" type="cond" truecount="0" falsecount="1"/>
      <line num="527" count="1" type="cond" truecount="0" falsecount="2"/>
      <line num="528" count="2" type="stmt"/>
      <line num="529" count="2" type="stmt"/>
    </file>
  </project>
</coverage>
