{"C:\\Users\\rohit\\OneDrive\\Desktop\\ssrf\\lib\\index.js": {"path":"C:\\Users\\rohit\\OneDrive\\Desktop\\ssrf\\lib\\index.js","statementMap":{"0":{"start":{"line":1,"column":12},"end":{"line":1,"column":26}},"1":{"start":{"line":2,"column":11},"end":{"line":2,"column":24}},"2":{"start":{"line":3,"column":18},"end":{"line":3,"column":38}},"3":{"start":{"line":6,"column":13},"end":{"line":6,"column":15}},"4":{"start":{"line":11,"column":23},"end":{"line":11,"column":27}},"5":{"start":{"line":14,"column":23},"end":{"line":14,"column":70}},"6":{"start":{"line":15,"column":23},"end":{"line":15,"column":70}},"7":{"start":{"line":17,"column":0},"end":{"line":63,"column":1}},"8":{"start":{"line":34,"column":2},"end":{"line":34,"column":27}},"9":{"start":{"line":35,"column":2},"end":{"line":35,"column":27}},"10":{"start":{"line":38,"column":17},"end":{"line":38,"column":43}},"11":{"start":{"line":39,"column":2},"end":{"line":42,"column":3}},"12":{"start":{"line":40,"column":19},"end":{"line":40,"column":39}},"13":{"start":{"line":41,"column":4},"end":{"line":41,"column":38}},"14":{"start":{"line":43,"column":2},"end":{"line":46,"column":3}},"15":{"start":{"line":44,"column":19},"end":{"line":44,"column":46}},"16":{"start":{"line":45,"column":4},"end":{"line":45,"column":38}},"17":{"start":{"line":49,"column":2},"end":{"line":53,"column":5}},"18":{"start":{"line":54,"column":2},"end":{"line":58,"column":5}},"19":{"start":{"line":60,"column":2},"end":{"line":62,"column":3}},"20":{"start":{"line":61,"column":4},"end":{"line":61,"column":29}},"21":{"start":{"line":65,"column":0},"end":{"line":81,"column":1}},"22":{"start":{"line":66,"column":2},"end":{"line":66,"column":21}},"23":{"start":{"line":68,"column":2},"end":{"line":68,"column":48}},"24":{"start":{"line":71,"column":20},"end":{"line":71,"column":44}},"25":{"start":{"line":72,"column":2},"end":{"line":74,"column":3}},"26":{"start":{"line":73,"column":4},"end":{"line":73,"column":46}},"27":{"start":{"line":77,"column":2},"end":{"line":79,"column":3}},"28":{"start":{"line":78,"column":4},"end":{"line":78,"column":59}},"29":{"start":{"line":80,"column":2},"end":{"line":80,"column":24}},"30":{"start":{"line":85,"column":18},"end":{"line":85,"column":44}},"31":{"start":{"line":86,"column":2},"end":{"line":88,"column":3}},"32":{"start":{"line":87,"column":4},"end":{"line":87,"column":34}},"33":{"start":{"line":91,"column":20},"end":{"line":91,"column":43}},"34":{"start":{"line":92,"column":2},"end":{"line":108,"column":3}},"35":{"start":{"line":94,"column":4},"end":{"line":107,"column":5}},"36":{"start":{"line":95,"column":6},"end":{"line":104,"column":7}},"37":{"start":{"line":96,"column":23},"end":{"line":96,"column":49}},"38":{"start":{"line":97,"column":8},"end":{"line":101,"column":9}},"39":{"start":{"line":98,"column":10},"end":{"line":98,"column":45}},"40":{"start":{"line":100,"column":10},"end":{"line":100,"column":43}},"41":{"start":{"line":103,"column":8},"end":{"line":103,"column":41}},"42":{"start":{"line":106,"column":6},"end":{"line":106,"column":39}},"43":{"start":{"line":112,"column":2},"end":{"line":116,"column":3}},"44":{"start":{"line":113,"column":4},"end":{"line":113,"column":26}},"45":{"start":{"line":115,"column":4},"end":{"line":115,"column":34}},"46":{"start":{"line":119,"column":2},"end":{"line":121,"column":3}},"47":{"start":{"line":120,"column":4},"end":{"line":120,"column":35}},"48":{"start":{"line":122,"column":2},"end":{"line":122,"column":10}},"49":{"start":{"line":127,"column":2},"end":{"line":127,"column":42}},"50":{"start":{"line":127,"column":30},"end":{"line":127,"column":42}},"51":{"start":{"line":128,"column":2},"end":{"line":133,"column":3}},"52":{"start":{"line":129,"column":20},"end":{"line":129,"column":39}},"53":{"start":{"line":130,"column":4},"end":{"line":130,"column":40}},"54":{"start":{"line":132,"column":4},"end":{"line":132,"column":16}},"55":{"start":{"line":136,"column":20},"end":{"line":139,"column":1}},"56":{"start":{"line":138,"column":2},"end":{"line":138,"column":76}},"57":{"start":{"line":141,"column":25},"end":{"line":212,"column":1}},"58":{"start":{"line":142,"column":15},"end":{"line":142,"column":17}},"59":{"start":{"line":145,"column":2},"end":{"line":145,"column":57}},"60":{"start":{"line":145,"column":22},"end":{"line":145,"column":57}},"61":{"start":{"line":146,"column":2},"end":{"line":146,"column":30}},"62":{"start":{"line":146,"column":19},"end":{"line":146,"column":30}},"63":{"start":{"line":148,"column":19},"end":{"line":148,"column":38}},"64":{"start":{"line":151,"column":2},"end":{"line":154,"column":3}},"65":{"start":{"line":152,"column":4},"end":{"line":152,"column":51}},"66":{"start":{"line":153,"column":4},"end":{"line":153,"column":15}},"67":{"start":{"line":155,"column":2},"end":{"line":158,"column":3}},"68":{"start":{"line":156,"column":4},"end":{"line":156,"column":47}},"69":{"start":{"line":157,"column":4},"end":{"line":157,"column":15}},"70":{"start":{"line":161,"column":14},"end":{"line":161,"column":16}},"71":{"start":{"line":163,"column":20},"end":{"line":163,"column":61}},"72":{"start":{"line":164,"column":2},"end":{"line":175,"column":3}},"73":{"start":{"line":165,"column":4},"end":{"line":165,"column":23}},"74":{"start":{"line":166,"column":9},"end":{"line":175,"column":3}},"75":{"start":{"line":167,"column":4},"end":{"line":167,"column":29}},"76":{"start":{"line":170,"column":22},"end":{"line":170,"column":43}},"77":{"start":{"line":171,"column":14},"end":{"line":171,"column":50}},"78":{"start":{"line":172,"column":4},"end":{"line":174,"column":5}},"79":{"start":{"line":173,"column":6},"end":{"line":173,"column":20}},"80":{"start":{"line":177,"column":2},"end":{"line":184,"column":3}},"81":{"start":{"line":178,"column":4},"end":{"line":183,"column":5}},"82":{"start":{"line":179,"column":6},"end":{"line":179,"column":39}},"83":{"start":{"line":181,"column":6},"end":{"line":181,"column":50}},"84":{"start":{"line":182,"column":6},"end":{"line":182,"column":17}},"85":{"start":{"line":187,"column":25},"end":{"line":187,"column":91}},"86":{"start":{"line":188,"column":2},"end":{"line":204,"column":3}},"87":{"start":{"line":189,"column":22},"end":{"line":189,"column":53}},"88":{"start":{"line":190,"column":22},"end":{"line":190,"column":53}},"89":{"start":{"line":192,"column":4},"end":{"line":195,"column":5}},"90":{"start":{"line":193,"column":6},"end":{"line":193,"column":47}},"91":{"start":{"line":194,"column":6},"end":{"line":194,"column":17}},"92":{"start":{"line":197,"column":4},"end":{"line":197,"column":42}},"93":{"start":{"line":197,"column":19},"end":{"line":197,"column":42}},"94":{"start":{"line":200,"column":4},"end":{"line":203,"column":5}},"95":{"start":{"line":201,"column":6},"end":{"line":201,"column":52}},"96":{"start":{"line":202,"column":6},"end":{"line":202,"column":17}},"97":{"start":{"line":206,"column":2},"end":{"line":209,"column":3}},"98":{"start":{"line":207,"column":4},"end":{"line":207,"column":50}},"99":{"start":{"line":208,"column":4},"end":{"line":208,"column":15}},"100":{"start":{"line":211,"column":2},"end":{"line":211,"column":13}},"101":{"start":{"line":215,"column":2},"end":{"line":221,"column":4}},"102":{"start":{"line":216,"column":4},"end":{"line":220,"column":6}},"103":{"start":{"line":217,"column":6},"end":{"line":217,"column":33}},"104":{"start":{"line":217,"column":15},"end":{"line":217,"column":33}},"105":{"start":{"line":218,"column":18},"end":{"line":218,"column":55}},"106":{"start":{"line":218,"column":45},"end":{"line":218,"column":54}},"107":{"start":{"line":219,"column":6},"end":{"line":219,"column":18}},"108":{"start":{"line":226,"column":2},"end":{"line":226,"column":20}},"109":{"start":{"line":227,"column":2},"end":{"line":227,"column":18}},"110":{"start":{"line":228,"column":2},"end":{"line":228,"column":23}},"111":{"start":{"line":232,"column":2},"end":{"line":232,"column":18}},"112":{"start":{"line":232,"column":12},"end":{"line":232,"column":18}},"113":{"start":{"line":233,"column":2},"end":{"line":233,"column":60}},"114":{"start":{"line":233,"column":17},"end":{"line":233,"column":60}},"115":{"start":{"line":233,"column":44},"end":{"line":233,"column":60}},"116":{"start":{"line":234,"column":2},"end":{"line":234,"column":56}},"117":{"start":{"line":234,"column":15},"end":{"line":234,"column":56}},"118":{"start":{"line":234,"column":41},"end":{"line":234,"column":56}},"119":{"start":{"line":235,"column":2},"end":{"line":235,"column":45}},"120":{"start":{"line":235,"column":17},"end":{"line":235,"column":45}},"121":{"start":{"line":239,"column":14},"end":{"line":239,"column":47}},"122":{"start":{"line":240,"column":2},"end":{"line":240,"column":73}},"123":{"start":{"line":240,"column":28},"end":{"line":240,"column":73}},"124":{"start":{"line":241,"column":2},"end":{"line":241,"column":65}},"125":{"start":{"line":241,"column":26},"end":{"line":241,"column":65}},"126":{"start":{"line":242,"column":2},"end":{"line":242,"column":80}},"127":{"start":{"line":242,"column":28},"end":{"line":242,"column":80}},"128":{"start":{"line":243,"column":2},"end":{"line":243,"column":12}},"129":{"start":{"line":247,"column":2},"end":{"line":271,"column":3}},"130":{"start":{"line":248,"column":16},"end":{"line":248,"column":49}},"131":{"start":{"line":249,"column":18},"end":{"line":249,"column":56}},"132":{"start":{"line":250,"column":16},"end":{"line":250,"column":49}},"133":{"start":{"line":251,"column":4},"end":{"line":267,"column":5}},"134":{"start":{"line":252,"column":19},"end":{"line":252,"column":33}},"135":{"start":{"line":253,"column":6},"end":{"line":253,"column":49}},"136":{"start":{"line":253,"column":41},"end":{"line":253,"column":49}},"137":{"start":{"line":255,"column":19},"end":{"line":255,"column":38}},"138":{"start":{"line":256,"column":6},"end":{"line":259,"column":7}},"139":{"start":{"line":257,"column":8},"end":{"line":257,"column":28}},"140":{"start":{"line":258,"column":8},"end":{"line":258,"column":16}},"141":{"start":{"line":261,"column":6},"end":{"line":264,"column":7}},"142":{"start":{"line":262,"column":8},"end":{"line":262,"column":26}},"143":{"start":{"line":263,"column":8},"end":{"line":263,"column":16}},"144":{"start":{"line":266,"column":6},"end":{"line":266,"column":40}},"145":{"start":{"line":268,"column":4},"end":{"line":268,"column":14}},"146":{"start":{"line":270,"column":4},"end":{"line":270,"column":43}},"147":{"start":{"line":275,"column":2},"end":{"line":275,"column":64}},"148":{"start":{"line":275,"column":53},"end":{"line":275,"column":64}},"149":{"start":{"line":276,"column":2},"end":{"line":281,"column":3}},"150":{"start":{"line":277,"column":26},"end":{"line":277,"column":50}},"151":{"start":{"line":278,"column":4},"end":{"line":278,"column":24}},"152":{"start":{"line":280,"column":4},"end":{"line":280,"column":15}},"153":{"start":{"line":285,"column":2},"end":{"line":285,"column":42}},"154":{"start":{"line":285,"column":30},"end":{"line":285,"column":42}},"155":{"start":{"line":286,"column":2},"end":{"line":286,"column":35}},"156":{"start":{"line":286,"column":24},"end":{"line":286,"column":35}},"157":{"start":{"line":287,"column":2},"end":{"line":294,"column":3}},"158":{"start":{"line":288,"column":17},"end":{"line":288,"column":36}},"159":{"start":{"line":289,"column":4},"end":{"line":291,"column":5}},"160":{"start":{"line":290,"column":6},"end":{"line":290,"column":39}},"161":{"start":{"line":290,"column":28},"end":{"line":290,"column":39}},"162":{"start":{"line":293,"column":4},"end":{"line":293,"column":16}},"163":{"start":{"line":295,"column":2},"end":{"line":295,"column":14}},"164":{"start":{"line":301,"column":2},"end":{"line":301,"column":44}},"165":{"start":{"line":301,"column":33},"end":{"line":301,"column":44}},"166":{"start":{"line":302,"column":12},"end":{"line":302,"column":24}},"167":{"start":{"line":303,"column":2},"end":{"line":303,"column":21}},"168":{"start":{"line":303,"column":10},"end":{"line":303,"column":21}},"169":{"start":{"line":309,"column":16},"end":{"line":309,"column":28}},"170":{"start":{"line":310,"column":2},"end":{"line":333,"column":3}},"171":{"start":{"line":311,"column":17},"end":{"line":311,"column":19}},"172":{"start":{"line":312,"column":4},"end":{"line":316,"column":5}},"173":{"start":{"line":312,"column":17},"end":{"line":312,"column":18}},"174":{"start":{"line":313,"column":18},"end":{"line":313,"column":46}},"175":{"start":{"line":314,"column":6},"end":{"line":314,"column":45}},"176":{"start":{"line":314,"column":34},"end":{"line":314,"column":45}},"177":{"start":{"line":315,"column":6},"end":{"line":315,"column":20}},"178":{"start":{"line":319,"column":4},"end":{"line":330,"column":5}},"179":{"start":{"line":320,"column":6},"end":{"line":320,"column":46}},"180":{"start":{"line":320,"column":25},"end":{"line":320,"column":32}},"181":{"start":{"line":320,"column":35},"end":{"line":320,"column":46}},"182":{"start":{"line":321,"column":6},"end":{"line":321,"column":74}},"183":{"start":{"line":322,"column":11},"end":{"line":330,"column":5}},"184":{"start":{"line":323,"column":6},"end":{"line":323,"column":73}},"185":{"start":{"line":323,"column":62},"end":{"line":323,"column":73}},"186":{"start":{"line":324,"column":6},"end":{"line":324,"column":57}},"187":{"start":{"line":325,"column":11},"end":{"line":330,"column":5}},"188":{"start":{"line":326,"column":6},"end":{"line":326,"column":58}},"189":{"start":{"line":326,"column":47},"end":{"line":326,"column":58}},"190":{"start":{"line":327,"column":6},"end":{"line":327,"column":39}},"191":{"start":{"line":329,"column":6},"end":{"line":329,"column":21}},"192":{"start":{"line":331,"column":4},"end":{"line":331,"column":79}},"193":{"start":{"line":331,"column":68},"end":{"line":331,"column":79}},"194":{"start":{"line":332,"column":4},"end":{"line":332,"column":33}},"195":{"start":{"line":336,"column":17},"end":{"line":336,"column":36}},"196":{"start":{"line":337,"column":2},"end":{"line":337,"column":33}},"197":{"start":{"line":337,"column":22},"end":{"line":337,"column":33}},"198":{"start":{"line":338,"column":2},"end":{"line":338,"column":32}},"199":{"start":{"line":342,"column":13},"end":{"line":342,"column":30}},"200":{"start":{"line":343,"column":13},"end":{"line":343,"column":30}},"201":{"start":{"line":344,"column":13},"end":{"line":344,"column":29}},"202":{"start":{"line":345,"column":13},"end":{"line":345,"column":21}},"203":{"start":{"line":346,"column":2},"end":{"line":346,"column":34}},"204":{"start":{"line":350,"column":2},"end":{"line":350,"column":31}},"205":{"start":{"line":350,"column":20},"end":{"line":350,"column":31}},"206":{"start":{"line":351,"column":15},"end":{"line":351,"column":32}},"207":{"start":{"line":352,"column":16},"end":{"line":352,"column":44}},"208":{"start":{"line":353,"column":13},"end":{"line":353,"column":79}},"209":{"start":{"line":354,"column":2},"end":{"line":354,"column":34}},"210":{"start":{"line":354,"column":23},"end":{"line":354,"column":34}},"211":{"start":{"line":355,"column":14},"end":{"line":355,"column":35}},"212":{"start":{"line":356,"column":2},"end":{"line":356,"column":40}},"213":{"start":{"line":356,"column":29},"end":{"line":356,"column":40}},"214":{"start":{"line":357,"column":2},"end":{"line":357,"column":12}},"215":{"start":{"line":361,"column":15},"end":{"line":361,"column":32}},"216":{"start":{"line":362,"column":16},"end":{"line":362,"column":44}},"217":{"start":{"line":363,"column":13},"end":{"line":363,"column":79}},"218":{"start":{"line":364,"column":2},"end":{"line":364,"column":34}},"219":{"start":{"line":364,"column":23},"end":{"line":364,"column":34}},"220":{"start":{"line":365,"column":14},"end":{"line":365,"column":35}},"221":{"start":{"line":366,"column":2},"end":{"line":366,"column":71}},"222":{"start":{"line":366,"column":60},"end":{"line":366,"column":71}},"223":{"start":{"line":367,"column":2},"end":{"line":367,"column":12}},"224":{"start":{"line":371,"column":2},"end":{"line":371,"column":35}},"225":{"start":{"line":371,"column":26},"end":{"line":371,"column":35}},"226":{"start":{"line":372,"column":2},"end":{"line":372,"column":34}},"227":{"start":{"line":372,"column":26},"end":{"line":372,"column":34}},"228":{"start":{"line":374,"column":2},"end":{"line":374,"column":39}},"229":{"start":{"line":374,"column":31},"end":{"line":374,"column":39}},"230":{"start":{"line":375,"column":2},"end":{"line":375,"column":11}},"231":{"start":{"line":379,"column":2},"end":{"line":379,"column":51}},"232":{"start":{"line":379,"column":19},"end":{"line":379,"column":51}},"233":{"start":{"line":380,"column":2},"end":{"line":380,"column":50}},"234":{"start":{"line":380,"column":18},"end":{"line":380,"column":50}},"235":{"start":{"line":381,"column":2},"end":{"line":381,"column":14}},"236":{"start":{"line":384,"column":0},"end":{"line":384,"column":21}},"237":{"start":{"line":392,"column":14},"end":{"line":398,"column":3}},"238":{"start":{"line":399,"column":17},"end":{"line":399,"column":53}},"239":{"start":{"line":400,"column":2},"end":{"line":400,"column":81}},"240":{"start":{"line":400,"column":28},"end":{"line":400,"column":81}},"241":{"start":{"line":401,"column":2},"end":{"line":401,"column":105}},"242":{"start":{"line":401,"column":40},"end":{"line":401,"column":105}},"243":{"start":{"line":402,"column":2},"end":{"line":402,"column":136}},"244":{"start":{"line":403,"column":2},"end":{"line":403,"column":136}},"245":{"start":{"line":404,"column":2},"end":{"line":404,"column":12}},"246":{"start":{"line":408,"column":2},"end":{"line":408,"column":58}},"247":{"start":{"line":412,"column":15},"end":{"line":412,"column":17}},"248":{"start":{"line":413,"column":2},"end":{"line":413,"column":62}},"249":{"start":{"line":413,"column":27},"end":{"line":413,"column":62}},"250":{"start":{"line":414,"column":2},"end":{"line":414,"column":30}},"251":{"start":{"line":414,"column":19},"end":{"line":414,"column":30}},"252":{"start":{"line":416,"column":19},"end":{"line":416,"column":29}},"253":{"start":{"line":418,"column":2},"end":{"line":421,"column":3}},"254":{"start":{"line":419,"column":4},"end":{"line":419,"column":51}},"255":{"start":{"line":420,"column":4},"end":{"line":420,"column":15}},"256":{"start":{"line":422,"column":2},"end":{"line":425,"column":3}},"257":{"start":{"line":423,"column":4},"end":{"line":423,"column":47}},"258":{"start":{"line":424,"column":4},"end":{"line":424,"column":15}},"259":{"start":{"line":427,"column":14},"end":{"line":427,"column":16}},"260":{"start":{"line":428,"column":20},"end":{"line":428,"column":61}},"261":{"start":{"line":429,"column":2},"end":{"line":439,"column":3}},"262":{"start":{"line":430,"column":4},"end":{"line":430,"column":23}},"263":{"start":{"line":431,"column":9},"end":{"line":439,"column":3}},"264":{"start":{"line":432,"column":4},"end":{"line":432,"column":29}},"265":{"start":{"line":434,"column":22},"end":{"line":434,"column":34}},"266":{"start":{"line":435,"column":14},"end":{"line":435,"column":50}},"267":{"start":{"line":436,"column":4},"end":{"line":438,"column":5}},"268":{"start":{"line":437,"column":6},"end":{"line":437,"column":20}},"269":{"start":{"line":440,"column":2},"end":{"line":446,"column":3}},"270":{"start":{"line":441,"column":4},"end":{"line":445,"column":5}},"271":{"start":{"line":442,"column":6},"end":{"line":442,"column":39}},"272":{"start":{"line":444,"column":6},"end":{"line":444,"column":48}},"273":{"start":{"line":448,"column":25},"end":{"line":448,"column":93}},"274":{"start":{"line":449,"column":2},"end":{"line":455,"column":3}},"275":{"start":{"line":450,"column":22},"end":{"line":450,"column":54}},"276":{"start":{"line":451,"column":22},"end":{"line":451,"column":54}},"277":{"start":{"line":452,"column":4},"end":{"line":452,"column":58}},"278":{"start":{"line":452,"column":19},"end":{"line":452,"column":58}},"279":{"start":{"line":453,"column":4},"end":{"line":453,"column":42}},"280":{"start":{"line":453,"column":19},"end":{"line":453,"column":42}},"281":{"start":{"line":454,"column":4},"end":{"line":454,"column":88}},"282":{"start":{"line":454,"column":44},"end":{"line":454,"column":88}},"283":{"start":{"line":456,"column":2},"end":{"line":456,"column":69}},"284":{"start":{"line":456,"column":25},"end":{"line":456,"column":69}},"285":{"start":{"line":458,"column":2},"end":{"line":458,"column":13}},"286":{"start":{"line":462,"column":12},"end":{"line":462,"column":41}},"287":{"start":{"line":463,"column":15},"end":{"line":463,"column":58}},"288":{"start":{"line":464,"column":2},"end":{"line":464,"column":53}},"289":{"start":{"line":464,"column":19},"end":{"line":464,"column":53}},"290":{"start":{"line":465,"column":15},"end":{"line":465,"column":78}},"291":{"start":{"line":466,"column":2},"end":{"line":466,"column":32}},"292":{"start":{"line":470,"column":2},"end":{"line":475,"column":3}},"293":{"start":{"line":471,"column":4},"end":{"line":471,"column":100}},"294":{"start":{"line":471,"column":30},"end":{"line":471,"column":100}},"295":{"start":{"line":472,"column":4},"end":{"line":472,"column":60}},"296":{"start":{"line":474,"column":4},"end":{"line":474,"column":20}},"297":{"start":{"line":487,"column":6},"end":{"line":487,"column":8}},"298":{"start":{"line":489,"column":2},"end":{"line":510,"column":3}},"299":{"start":{"line":490,"column":18},"end":{"line":490,"column":55}},"300":{"start":{"line":491,"column":4},"end":{"line":497,"column":5}},"301":{"start":{"line":492,"column":19},"end":{"line":492,"column":44}},"302":{"start":{"line":493,"column":6},"end":{"line":493,"column":55}},"303":{"start":{"line":493,"column":19},"end":{"line":493,"column":55}},"304":{"start":{"line":494,"column":6},"end":{"line":494,"column":108}},"305":{"start":{"line":494,"column":24},"end":{"line":494,"column":108}},"306":{"start":{"line":495,"column":6},"end":{"line":495,"column":27}},"307":{"start":{"line":496,"column":6},"end":{"line":496,"column":19}},"308":{"start":{"line":498,"column":19},"end":{"line":498,"column":57}},"309":{"start":{"line":499,"column":4},"end":{"line":504,"column":5}},"310":{"start":{"line":500,"column":6},"end":{"line":500,"column":64}},"311":{"start":{"line":500,"column":19},"end":{"line":500,"column":64}},"312":{"start":{"line":501,"column":6},"end":{"line":501,"column":126}},"313":{"start":{"line":501,"column":24},"end":{"line":501,"column":126}},"314":{"start":{"line":502,"column":6},"end":{"line":502,"column":27}},"315":{"start":{"line":503,"column":6},"end":{"line":503,"column":19}},"316":{"start":{"line":505,"column":4},"end":{"line":505,"column":31}},"317":{"start":{"line":506,"column":4},"end":{"line":508,"column":18}},"318":{"start":{"line":507,"column":6},"end":{"line":507,"column":71}},"319":{"start":{"line":507,"column":42},"end":{"line":507,"column":71}},"320":{"start":{"line":509,"column":4},"end":{"line":509,"column":17}},"321":{"start":{"line":514,"column":0},"end":{"line":524,"column":1}},"322":{"start":{"line":515,"column":17},"end":{"line":515,"column":48}},"323":{"start":{"line":516,"column":2},"end":{"line":523,"column":3}},"324":{"start":{"line":518,"column":16},"end":{"line":518,"column":54}},"325":{"start":{"line":519,"column":6},"end":{"line":519,"column":58}},"326":{"start":{"line":519,"column":17},"end":{"line":519,"column":58}},"327":{"start":{"line":520,"column":6},"end":{"line":520,"column":18}},"328":{"start":{"line":522,"column":36},"end":{"line":522,"column":69}},"329":{"start":{"line":527,"column":0},"end":{"line":530,"column":1}},"330":{"start":{"line":528,"column":17},"end":{"line":528,"column":48}},"331":{"start":{"line":529,"column":2},"end":{"line":529,"column":42}}},"fnMap":{"0":{"name":"(anonymous_0)","decl":{"start":{"line":17,"column":15},"end":{"line":17,"column":16}},"loc":{"start":{"line":32,"column":11},"end":{"line":63,"column":1}},"line":32},"1":{"name":"(anonymous_1)","decl":{"start":{"line":65,"column":11},"end":{"line":65,"column":12}},"loc":{"start":{"line":65,"column":30},"end":{"line":81,"column":1}},"line":65},"2":{"name":"normalizeAndParseInput","decl":{"start":{"line":84,"column":9},"end":{"line":84,"column":31}},"loc":{"start":{"line":84,"column":40},"end":{"line":123,"column":1}},"line":84},"3":{"name":"isPublicUnicast","decl":{"start":{"line":126,"column":9},"end":{"line":126,"column":24}},"loc":{"start":{"line":126,"column":30},"end":{"line":134,"column":1}},"line":126},"4":{"name":"(anonymous_4)","decl":{"start":{"line":136,"column":20},"end":{"line":136,"column":21}},"loc":{"start":{"line":136,"column":26},"end":{"line":139,"column":1}},"line":136},"5":{"name":"(anonymous_5)","decl":{"start":{"line":141,"column":25},"end":{"line":141,"column":26}},"loc":{"start":{"line":141,"column":37},"end":{"line":212,"column":1}},"line":141},"6":{"name":"lookupAll","decl":{"start":{"line":214,"column":15},"end":{"line":214,"column":24}},"loc":{"start":{"line":214,"column":32},"end":{"line":222,"column":1}},"line":214},"7":{"name":"(anonymous_7)","decl":{"start":{"line":215,"column":21},"end":{"line":215,"column":22}},"loc":{"start":{"line":215,"column":42},"end":{"line":221,"column":3}},"line":215},"8":{"name":"(anonymous_8)","decl":{"start":{"line":216,"column":36},"end":{"line":216,"column":37}},"loc":{"start":{"line":216,"column":56},"end":{"line":220,"column":5}},"line":216},"9":{"name":"(anonymous_9)","decl":{"start":{"line":218,"column":40},"end":{"line":218,"column":41}},"loc":{"start":{"line":218,"column":45},"end":{"line":218,"column":54}},"line":218},"10":{"name":"clearList","decl":{"start":{"line":225,"column":9},"end":{"line":225,"column":18}},"loc":{"start":{"line":225,"column":26},"end":{"line":229,"column":1}},"line":225},"11":{"name":"mergeLists","decl":{"start":{"line":231,"column":9},"end":{"line":231,"column":19}},"loc":{"start":{"line":231,"column":31},"end":{"line":236,"column":1}},"line":231},"12":{"name":"normalizeRawLists","decl":{"start":{"line":238,"column":9},"end":{"line":238,"column":26}},"loc":{"start":{"line":238,"column":56},"end":{"line":244,"column":1}},"line":238},"13":{"name":"loadListFile","decl":{"start":{"line":246,"column":9},"end":{"line":246,"column":21}},"loc":{"start":{"line":246,"column":33},"end":{"line":272,"column":1}},"line":246},"14":{"name":"parseCidrSafe","decl":{"start":{"line":274,"column":9},"end":{"line":274,"column":22}},"loc":{"start":{"line":274,"column":29},"end":{"line":282,"column":1}},"line":274},"15":{"name":"isIpInLists","decl":{"start":{"line":284,"column":9},"end":{"line":284,"column":20}},"loc":{"start":{"line":284,"column":32},"end":{"line":296,"column":1}},"line":284},"16":{"name":"normalizePossiblyNonDecimalIPv4","decl":{"start":{"line":300,"column":9},"end":{"line":300,"column":40}},"loc":{"start":{"line":300,"column":49},"end":{"line":339,"column":1}},"line":300},"17":{"name":"(anonymous_17)","decl":{"start":{"line":320,"column":20},"end":{"line":320,"column":21}},"loc":{"start":{"line":320,"column":25},"end":{"line":320,"column":32}},"line":320},"18":{"name":"intToIPv4","decl":{"start":{"line":341,"column":9},"end":{"line":341,"column":18}},"loc":{"start":{"line":341,"column":23},"end":{"line":347,"column":1}},"line":341},"19":{"name":"parseIPv4Component","decl":{"start":{"line":349,"column":9},"end":{"line":349,"column":27}},"loc":{"start":{"line":349,"column":36},"end":{"line":358,"column":1}},"line":349},"20":{"name":"parseIPv4Integer","decl":{"start":{"line":360,"column":9},"end":{"line":360,"column":25}},"loc":{"start":{"line":360,"column":34},"end":{"line":368,"column":1}},"line":360},"21":{"name":"detectBase","decl":{"start":{"line":370,"column":9},"end":{"line":370,"column":19}},"loc":{"start":{"line":370,"column":28},"end":{"line":376,"column":1}},"line":370},"22":{"name":"stripBasePrefix","decl":{"start":{"line":378,"column":9},"end":{"line":378,"column":24}},"loc":{"start":{"line":378,"column":39},"end":{"line":382,"column":1}},"line":378},"23":{"name":"buildConfigFromOptions","decl":{"start":{"line":391,"column":9},"end":{"line":391,"column":31}},"loc":{"start":{"line":391,"column":44},"end":{"line":405,"column":1}},"line":391},"24":{"name":"CheckSchemaWith","decl":{"start":{"line":407,"column":9},"end":{"line":407,"column":24}},"loc":{"start":{"line":407,"column":29},"end":{"line":409,"column":1}},"line":407},"25":{"name":"evaluatePoliciesWith","decl":{"start":{"line":411,"column":15},"end":{"line":411,"column":35}},"loc":{"start":{"line":411,"column":47},"end":{"line":459,"column":1}},"line":411},"26":{"name":"validateAndFormat","decl":{"start":{"line":461,"column":15},"end":{"line":461,"column":32}},"loc":{"start":{"line":461,"column":49},"end":{"line":467,"column":1}},"line":461},"27":{"name":"extractInputFromReq","decl":{"start":{"line":469,"column":9},"end":{"line":469,"column":28}},"loc":{"start":{"line":469,"column":65},"end":{"line":476,"column":1}},"line":469},"28":{"name":"makeMiddleware","decl":{"start":{"line":478,"column":9},"end":{"line":478,"column":23}},"loc":{"start":{"line":478,"column":42},"end":{"line":511,"column":1}},"line":478},"29":{"name":"ssrfMiddleware","decl":{"start":{"line":489,"column":24},"end":{"line":489,"column":38}},"loc":{"start":{"line":489,"column":56},"end":{"line":510,"column":3}},"line":489},"30":{"name":"create","decl":{"start":{"line":514,"column":23},"end":{"line":514,"column":29}},"loc":{"start":{"line":514,"column":45},"end":{"line":524,"column":1}},"line":514},"31":{"name":"(anonymous_31)","decl":{"start":{"line":517,"column":9},"end":{"line":517,"column":10}},"loc":{"start":{"line":517,"column":26},"end":{"line":521,"column":5}},"line":517},"32":{"name":"(anonymous_32)","decl":{"start":{"line":522,"column":16},"end":{"line":522,"column":17}},"loc":{"start":{"line":522,"column":36},"end":{"line":522,"column":69}},"line":522},"33":{"name":"middleware","decl":{"start":{"line":527,"column":27},"end":{"line":527,"column":37}},"loc":{"start":{"line":527,"column":69},"end":{"line":530,"column":1}},"line":527}},"branchMap":{"0":{"loc":{"start":{"line":17,"column":16},"end":{"line":32,"column":6}},"type":"default-arg","locations":[{"start":{"line":32,"column":4},"end":{"line":32,"column":6}}],"line":17},"1":{"loc":{"start":{"line":38,"column":17},"end":{"line":38,"column":43}},"type":"binary-expr","locations":[{"start":{"line":38,"column":17},"end":{"line":38,"column":30}},{"start":{"line":38,"column":34},"end":{"line":38,"column":43}}],"line":38},"2":{"loc":{"start":{"line":39,"column":2},"end":{"line":42,"column":3}},"type":"if","locations":[{"start":{"line":39,"column":2},"end":{"line":42,"column":3}},{"start":{},"end":{}}],"line":39},"3":{"loc":{"start":{"line":43,"column":2},"end":{"line":46,"column":3}},"type":"if","locations":[{"start":{"line":43,"column":2},"end":{"line":46,"column":3}},{"start":{},"end":{}}],"line":43},"4":{"loc":{"start":{"line":60,"column":2},"end":{"line":62,"column":3}},"type":"if","locations":[{"start":{"line":60,"column":2},"end":{"line":62,"column":3}},{"start":{},"end":{}}],"line":60},"5":{"loc":{"start":{"line":72,"column":2},"end":{"line":74,"column":3}},"type":"if","locations":[{"start":{"line":72,"column":2},"end":{"line":74,"column":3}},{"start":{},"end":{}}],"line":72},"6":{"loc":{"start":{"line":72,"column":6},"end":{"line":72,"column":35}},"type":"binary-expr","locations":[{"start":{"line":72,"column":6},"end":{"line":72,"column":15}},{"start":{"line":72,"column":19},"end":{"line":72,"column":35}}],"line":72},"7":{"loc":{"start":{"line":77,"column":2},"end":{"line":79,"column":3}},"type":"if","locations":[{"start":{"line":77,"column":2},"end":{"line":79,"column":3}},{"start":{},"end":{}}],"line":77},"8":{"loc":{"start":{"line":85,"column":25},"end":{"line":85,"column":36}},"type":"binary-expr","locations":[{"start":{"line":85,"column":25},"end":{"line":85,"column":30}},{"start":{"line":85,"column":34},"end":{"line":85,"column":36}}],"line":85},"9":{"loc":{"start":{"line":86,"column":2},"end":{"line":88,"column":3}},"type":"if","locations":[{"start":{"line":86,"column":2},"end":{"line":88,"column":3}},{"start":{},"end":{}}],"line":86},"10":{"loc":{"start":{"line":92,"column":2},"end":{"line":108,"column":3}},"type":"if","locations":[{"start":{"line":92,"column":2},"end":{"line":108,"column":3}},{"start":{},"end":{}}],"line":92},"11":{"loc":{"start":{"line":94,"column":4},"end":{"line":107,"column":5}},"type":"if","locations":[{"start":{"line":94,"column":4},"end":{"line":107,"column":5}},{"start":{"line":105,"column":11},"end":{"line":107,"column":5}}],"line":94},"12":{"loc":{"start":{"line":97,"column":8},"end":{"line":101,"column":9}},"type":"if","locations":[{"start":{"line":97,"column":8},"end":{"line":101,"column":9}},{"start":{"line":99,"column":15},"end":{"line":101,"column":9}}],"line":97},"13":{"loc":{"start":{"line":97,"column":12},"end":{"line":97,"column":51}},"type":"binary-expr","locations":[{"start":{"line":97,"column":12},"end":{"line":97,"column":23}},{"start":{"line":97,"column":27},"end":{"line":97,"column":51}}],"line":97},"14":{"loc":{"start":{"line":119,"column":2},"end":{"line":121,"column":3}},"type":"if","locations":[{"start":{"line":119,"column":2},"end":{"line":121,"column":3}},{"start":{},"end":{}}],"line":119},"15":{"loc":{"start":{"line":127,"column":2},"end":{"line":127,"column":42}},"type":"if","locations":[{"start":{"line":127,"column":2},"end":{"line":127,"column":42}},{"start":{},"end":{}}],"line":127},"16":{"loc":{"start":{"line":138,"column":9},"end":{"line":138,"column":76}},"type":"binary-expr","locations":[{"start":{"line":138,"column":9},"end":{"line":138,"column":40}},{"start":{"line":138,"column":44},"end":{"line":138,"column":76}}],"line":138},"17":{"loc":{"start":{"line":145,"column":2},"end":{"line":145,"column":57}},"type":"if","locations":[{"start":{"line":145,"column":2},"end":{"line":145,"column":57}},{"start":{},"end":{}}],"line":145},"18":{"loc":{"start":{"line":146,"column":2},"end":{"line":146,"column":30}},"type":"if","locations":[{"start":{"line":146,"column":2},"end":{"line":146,"column":30}},{"start":{},"end":{}}],"line":146},"19":{"loc":{"start":{"line":151,"column":2},"end":{"line":154,"column":3}},"type":"if","locations":[{"start":{"line":151,"column":2},"end":{"line":154,"column":3}},{"start":{},"end":{}}],"line":151},"20":{"loc":{"start":{"line":151,"column":6},"end":{"line":151,"column":74}},"type":"binary-expr","locations":[{"start":{"line":151,"column":6},"end":{"line":151,"column":35}},{"start":{"line":151,"column":39},"end":{"line":151,"column":74}}],"line":151},"21":{"loc":{"start":{"line":155,"column":2},"end":{"line":158,"column":3}},"type":"if","locations":[{"start":{"line":155,"column":2},"end":{"line":158,"column":3}},{"start":{},"end":{}}],"line":155},"22":{"loc":{"start":{"line":164,"column":2},"end":{"line":175,"column":3}},"type":"if","locations":[{"start":{"line":164,"column":2},"end":{"line":175,"column":3}},{"start":{"line":166,"column":9},"end":{"line":175,"column":3}}],"line":164},"23":{"loc":{"start":{"line":166,"column":9},"end":{"line":175,"column":3}},"type":"if","locations":[{"start":{"line":166,"column":9},"end":{"line":175,"column":3}},{"start":{"line":168,"column":9},"end":{"line":175,"column":3}}],"line":166},"24":{"loc":{"start":{"line":166,"column":32},"end":{"line":166,"column":46}},"type":"binary-expr","locations":[{"start":{"line":166,"column":32},"end":{"line":166,"column":40}},{"start":{"line":166,"column":44},"end":{"line":166,"column":46}}],"line":166},"25":{"loc":{"start":{"line":170,"column":22},"end":{"line":170,"column":43}},"type":"binary-expr","locations":[{"start":{"line":170,"column":22},"end":{"line":170,"column":37}},{"start":{"line":170,"column":41},"end":{"line":170,"column":43}}],"line":170},"26":{"loc":{"start":{"line":172,"column":4},"end":{"line":174,"column":5}},"type":"if","locations":[{"start":{"line":172,"column":4},"end":{"line":174,"column":5}},{"start":{},"end":{}}],"line":172},"27":{"loc":{"start":{"line":172,"column":8},"end":{"line":172,"column":36}},"type":"binary-expr","locations":[{"start":{"line":172,"column":8},"end":{"line":172,"column":9}},{"start":{"line":172,"column":13},"end":{"line":172,"column":36}}],"line":172},"28":{"loc":{"start":{"line":177,"column":2},"end":{"line":184,"column":3}},"type":"if","locations":[{"start":{"line":177,"column":2},"end":{"line":184,"column":3}},{"start":{},"end":{}}],"line":177},"29":{"loc":{"start":{"line":187,"column":25},"end":{"line":187,"column":91}},"type":"binary-expr","locations":[{"start":{"line":187,"column":25},"end":{"line":187,"column":54}},{"start":{"line":187,"column":58},"end":{"line":187,"column":91}}],"line":187},"30":{"loc":{"start":{"line":192,"column":4},"end":{"line":195,"column":5}},"type":"if","locations":[{"start":{"line":192,"column":4},"end":{"line":195,"column":5}},{"start":{},"end":{}}],"line":192},"31":{"loc":{"start":{"line":197,"column":4},"end":{"line":197,"column":42}},"type":"if","locations":[{"start":{"line":197,"column":4},"end":{"line":197,"column":42}},{"start":{},"end":{}}],"line":197},"32":{"loc":{"start":{"line":200,"column":4},"end":{"line":203,"column":5}},"type":"if","locations":[{"start":{"line":200,"column":4},"end":{"line":203,"column":5}},{"start":{},"end":{}}],"line":200},"33":{"loc":{"start":{"line":200,"column":8},"end":{"line":200,"column":42}},"type":"binary-expr","locations":[{"start":{"line":200,"column":8},"end":{"line":200,"column":18}},{"start":{"line":200,"column":22},"end":{"line":200,"column":42}}],"line":200},"34":{"loc":{"start":{"line":206,"column":2},"end":{"line":209,"column":3}},"type":"if","locations":[{"start":{"line":206,"column":2},"end":{"line":209,"column":3}},{"start":{},"end":{}}],"line":206},"35":{"loc":{"start":{"line":217,"column":6},"end":{"line":217,"column":33}},"type":"if","locations":[{"start":{"line":217,"column":6},"end":{"line":217,"column":33}},{"start":{},"end":{}}],"line":217},"36":{"loc":{"start":{"line":218,"column":19},"end":{"line":218,"column":34}},"type":"binary-expr","locations":[{"start":{"line":218,"column":19},"end":{"line":218,"column":28}},{"start":{"line":218,"column":32},"end":{"line":218,"column":34}}],"line":218},"37":{"loc":{"start":{"line":232,"column":2},"end":{"line":232,"column":18}},"type":"if","locations":[{"start":{"line":232,"column":2},"end":{"line":232,"column":18}},{"start":{},"end":{}}],"line":232},"38":{"loc":{"start":{"line":233,"column":2},"end":{"line":233,"column":60}},"type":"if","locations":[{"start":{"line":233,"column":2},"end":{"line":233,"column":60}},{"start":{},"end":{}}],"line":233},"39":{"loc":{"start":{"line":234,"column":2},"end":{"line":234,"column":56}},"type":"if","locations":[{"start":{"line":234,"column":2},"end":{"line":234,"column":56}},{"start":{},"end":{}}],"line":234},"40":{"loc":{"start":{"line":235,"column":2},"end":{"line":235,"column":45}},"type":"if","locations":[{"start":{"line":235,"column":2},"end":{"line":235,"column":45}},{"start":{},"end":{}}],"line":235},"41":{"loc":{"start":{"line":238,"column":28},"end":{"line":238,"column":54}},"type":"default-arg","locations":[{"start":{"line":238,"column":52},"end":{"line":238,"column":54}}],"line":238},"42":{"loc":{"start":{"line":240,"column":2},"end":{"line":240,"column":73}},"type":"if","locations":[{"start":{"line":240,"column":2},"end":{"line":240,"column":73}},{"start":{},"end":{}}],"line":240},"43":{"loc":{"start":{"line":241,"column":2},"end":{"line":241,"column":65}},"type":"if","locations":[{"start":{"line":241,"column":2},"end":{"line":241,"column":65}},{"start":{},"end":{}}],"line":241},"44":{"loc":{"start":{"line":242,"column":2},"end":{"line":242,"column":80}},"type":"if","locations":[{"start":{"line":242,"column":2},"end":{"line":242,"column":80}},{"start":{},"end":{}}],"line":242},"45":{"loc":{"start":{"line":253,"column":6},"end":{"line":253,"column":49}},"type":"if","locations":[{"start":{"line":253,"column":6},"end":{"line":253,"column":49}},{"start":{},"end":{}}],"line":253},"46":{"loc":{"start":{"line":253,"column":10},"end":{"line":253,"column":39}},"type":"binary-expr","locations":[{"start":{"line":253,"column":10},"end":{"line":253,"column":15}},{"start":{"line":253,"column":19},"end":{"line":253,"column":39}}],"line":253},"47":{"loc":{"start":{"line":256,"column":6},"end":{"line":259,"column":7}},"type":"if","locations":[{"start":{"line":256,"column":6},"end":{"line":259,"column":7}},{"start":{},"end":{}}],"line":256},"48":{"loc":{"start":{"line":261,"column":6},"end":{"line":264,"column":7}},"type":"if","locations":[{"start":{"line":261,"column":6},"end":{"line":264,"column":7}},{"start":{},"end":{}}],"line":261},"49":{"loc":{"start":{"line":275,"column":2},"end":{"line":275,"column":64}},"type":"if","locations":[{"start":{"line":275,"column":2},"end":{"line":275,"column":64}},{"start":{},"end":{}}],"line":275},"50":{"loc":{"start":{"line":275,"column":6},"end":{"line":275,"column":51}},"type":"binary-expr","locations":[{"start":{"line":275,"column":6},"end":{"line":275,"column":29}},{"start":{"line":275,"column":33},"end":{"line":275,"column":51}}],"line":275},"51":{"loc":{"start":{"line":285,"column":2},"end":{"line":285,"column":42}},"type":"if","locations":[{"start":{"line":285,"column":2},"end":{"line":285,"column":42}},{"start":{},"end":{}}],"line":285},"52":{"loc":{"start":{"line":286,"column":2},"end":{"line":286,"column":35}},"type":"if","locations":[{"start":{"line":286,"column":2},"end":{"line":286,"column":35}},{"start":{},"end":{}}],"line":286},"53":{"loc":{"start":{"line":290,"column":6},"end":{"line":290,"column":39}},"type":"if","locations":[{"start":{"line":290,"column":6},"end":{"line":290,"column":39}},{"start":{},"end":{}}],"line":290},"54":{"loc":{"start":{"line":301,"column":2},"end":{"line":301,"column":44}},"type":"if","locations":[{"start":{"line":301,"column":2},"end":{"line":301,"column":44}},{"start":{},"end":{}}],"line":301},"55":{"loc":{"start":{"line":303,"column":2},"end":{"line":303,"column":21}},"type":"if","locations":[{"start":{"line":303,"column":2},"end":{"line":303,"column":21}},{"start":{},"end":{}}],"line":303},"56":{"loc":{"start":{"line":310,"column":2},"end":{"line":333,"column":3}},"type":"if","locations":[{"start":{"line":310,"column":2},"end":{"line":333,"column":3}},{"start":{},"end":{}}],"line":310},"57":{"loc":{"start":{"line":310,"column":6},"end":{"line":310,"column":43}},"type":"binary-expr","locations":[{"start":{"line":310,"column":6},"end":{"line":310,"column":22}},{"start":{"line":310,"column":26},"end":{"line":310,"column":43}}],"line":310},"58":{"loc":{"start":{"line":314,"column":6},"end":{"line":314,"column":45}},"type":"if","locations":[{"start":{"line":314,"column":6},"end":{"line":314,"column":45}},{"start":{},"end":{}}],"line":314},"59":{"loc":{"start":{"line":314,"column":10},"end":{"line":314,"column":32}},"type":"binary-expr","locations":[{"start":{"line":314,"column":10},"end":{"line":314,"column":21}},{"start":{"line":314,"column":25},"end":{"line":314,"column":32}}],"line":314},"60":{"loc":{"start":{"line":319,"column":4},"end":{"line":330,"column":5}},"type":"if","locations":[{"start":{"line":319,"column":4},"end":{"line":330,"column":5}},{"start":{"line":322,"column":11},"end":{"line":330,"column":5}}],"line":319},"61":{"loc":{"start":{"line":320,"column":6},"end":{"line":320,"column":46}},"type":"if","locations":[{"start":{"line":320,"column":6},"end":{"line":320,"column":46}},{"start":{},"end":{}}],"line":320},"62":{"loc":{"start":{"line":322,"column":11},"end":{"line":330,"column":5}},"type":"if","locations":[{"start":{"line":322,"column":11},"end":{"line":330,"column":5}},{"start":{"line":325,"column":11},"end":{"line":330,"column":5}}],"line":322},"63":{"loc":{"start":{"line":323,"column":6},"end":{"line":323,"column":73}},"type":"if","locations":[{"start":{"line":323,"column":6},"end":{"line":323,"column":73}},{"start":{},"end":{}}],"line":323},"64":{"loc":{"start":{"line":323,"column":10},"end":{"line":323,"column":60}},"type":"binary-expr","locations":[{"start":{"line":323,"column":10},"end":{"line":323,"column":23}},{"start":{"line":323,"column":27},"end":{"line":323,"column":40}},{"start":{"line":323,"column":44},"end":{"line":323,"column":60}}],"line":323},"65":{"loc":{"start":{"line":325,"column":11},"end":{"line":330,"column":5}},"type":"if","locations":[{"start":{"line":325,"column":11},"end":{"line":330,"column":5}},{"start":{"line":328,"column":11},"end":{"line":330,"column":5}}],"line":325},"66":{"loc":{"start":{"line":326,"column":6},"end":{"line":326,"column":58}},"type":"if","locations":[{"start":{"line":326,"column":6},"end":{"line":326,"column":58}},{"start":{},"end":{}}],"line":326},"67":{"loc":{"start":{"line":326,"column":10},"end":{"line":326,"column":45}},"type":"binary-expr","locations":[{"start":{"line":326,"column":10},"end":{"line":326,"column":23}},{"start":{"line":326,"column":27},"end":{"line":326,"column":45}}],"line":326},"68":{"loc":{"start":{"line":331,"column":4},"end":{"line":331,"column":79}},"type":"if","locations":[{"start":{"line":331,"column":4},"end":{"line":331,"column":79}},{"start":{},"end":{}}],"line":331},"69":{"loc":{"start":{"line":331,"column":8},"end":{"line":331,"column":66}},"type":"binary-expr","locations":[{"start":{"line":331,"column":8},"end":{"line":331,"column":31}},{"start":{"line":331,"column":35},"end":{"line":331,"column":44}},{"start":{"line":331,"column":48},"end":{"line":331,"column":66}}],"line":331},"70":{"loc":{"start":{"line":337,"column":2},"end":{"line":337,"column":33}},"type":"if","locations":[{"start":{"line":337,"column":2},"end":{"line":337,"column":33}},{"start":{},"end":{}}],"line":337},"71":{"loc":{"start":{"line":350,"column":2},"end":{"line":350,"column":31}},"type":"if","locations":[{"start":{"line":350,"column":2},"end":{"line":350,"column":31}},{"start":{},"end":{}}],"line":350},"72":{"loc":{"start":{"line":353,"column":13},"end":{"line":353,"column":79}},"type":"cond-expr","locations":[{"start":{"line":353,"column":27},"end":{"line":353,"column":43}},{"start":{"line":353,"column":46},"end":{"line":353,"column":79}}],"line":353},"73":{"loc":{"start":{"line":353,"column":46},"end":{"line":353,"column":79}},"type":"cond-expr","locations":[{"start":{"line":353,"column":59},"end":{"line":353,"column":69}},{"start":{"line":353,"column":72},"end":{"line":353,"column":79}}],"line":353},"74":{"loc":{"start":{"line":354,"column":2},"end":{"line":354,"column":34}},"type":"if","locations":[{"start":{"line":354,"column":2},"end":{"line":354,"column":34}},{"start":{},"end":{}}],"line":354},"75":{"loc":{"start":{"line":356,"column":2},"end":{"line":356,"column":40}},"type":"if","locations":[{"start":{"line":356,"column":2},"end":{"line":356,"column":40}},{"start":{},"end":{}}],"line":356},"76":{"loc":{"start":{"line":363,"column":13},"end":{"line":363,"column":79}},"type":"cond-expr","locations":[{"start":{"line":363,"column":27},"end":{"line":363,"column":43}},{"start":{"line":363,"column":46},"end":{"line":363,"column":79}}],"line":363},"77":{"loc":{"start":{"line":363,"column":46},"end":{"line":363,"column":79}},"type":"cond-expr","locations":[{"start":{"line":363,"column":59},"end":{"line":363,"column":69}},{"start":{"line":363,"column":72},"end":{"line":363,"column":79}}],"line":363},"78":{"loc":{"start":{"line":364,"column":2},"end":{"line":364,"column":34}},"type":"if","locations":[{"start":{"line":364,"column":2},"end":{"line":364,"column":34}},{"start":{},"end":{}}],"line":364},"79":{"loc":{"start":{"line":366,"column":2},"end":{"line":366,"column":71}},"type":"if","locations":[{"start":{"line":366,"column":2},"end":{"line":366,"column":71}},{"start":{},"end":{}}],"line":366},"80":{"loc":{"start":{"line":366,"column":6},"end":{"line":366,"column":58}},"type":"binary-expr","locations":[{"start":{"line":366,"column":6},"end":{"line":366,"column":27}},{"start":{"line":366,"column":31},"end":{"line":366,"column":38}},{"start":{"line":366,"column":42},"end":{"line":366,"column":58}}],"line":366},"81":{"loc":{"start":{"line":371,"column":2},"end":{"line":371,"column":35}},"type":"if","locations":[{"start":{"line":371,"column":2},"end":{"line":371,"column":35}},{"start":{},"end":{}}],"line":371},"82":{"loc":{"start":{"line":372,"column":2},"end":{"line":372,"column":34}},"type":"if","locations":[{"start":{"line":372,"column":2},"end":{"line":372,"column":34}},{"start":{},"end":{}}],"line":372},"83":{"loc":{"start":{"line":374,"column":2},"end":{"line":374,"column":39}},"type":"if","locations":[{"start":{"line":374,"column":2},"end":{"line":374,"column":39}},{"start":{},"end":{}}],"line":374},"84":{"loc":{"start":{"line":379,"column":2},"end":{"line":379,"column":51}},"type":"if","locations":[{"start":{"line":379,"column":2},"end":{"line":379,"column":51}},{"start":{},"end":{}}],"line":379},"85":{"loc":{"start":{"line":380,"column":2},"end":{"line":380,"column":50}},"type":"if","locations":[{"start":{"line":380,"column":2},"end":{"line":380,"column":50}},{"start":{},"end":{}}],"line":380},"86":{"loc":{"start":{"line":391,"column":33},"end":{"line":391,"column":42}},"type":"default-arg","locations":[{"start":{"line":391,"column":40},"end":{"line":391,"column":42}}],"line":391},"87":{"loc":{"start":{"line":397,"column":20},"end":{"line":397,"column":64}},"type":"cond-expr","locations":[{"start":{"line":397,"column":46},"end":{"line":397,"column":57}},{"start":{"line":397,"column":60},"end":{"line":397,"column":64}}],"line":397},"88":{"loc":{"start":{"line":399,"column":17},"end":{"line":399,"column":53}},"type":"binary-expr","locations":[{"start":{"line":399,"column":17},"end":{"line":399,"column":35}},{"start":{"line":399,"column":39},"end":{"line":399,"column":53}}],"line":399},"89":{"loc":{"start":{"line":400,"column":2},"end":{"line":400,"column":81}},"type":"if","locations":[{"start":{"line":400,"column":2},"end":{"line":400,"column":81}},{"start":{},"end":{}}],"line":400},"90":{"loc":{"start":{"line":401,"column":2},"end":{"line":401,"column":105}},"type":"if","locations":[{"start":{"line":401,"column":2},"end":{"line":401,"column":105}},{"start":{},"end":{}}],"line":401},"91":{"loc":{"start":{"line":408,"column":9},"end":{"line":408,"column":58}},"type":"binary-expr","locations":[{"start":{"line":408,"column":9},"end":{"line":408,"column":31}},{"start":{"line":408,"column":35},"end":{"line":408,"column":58}}],"line":408},"92":{"loc":{"start":{"line":413,"column":2},"end":{"line":413,"column":62}},"type":"if","locations":[{"start":{"line":413,"column":2},"end":{"line":413,"column":62}},{"start":{},"end":{}}],"line":413},"93":{"loc":{"start":{"line":414,"column":2},"end":{"line":414,"column":30}},"type":"if","locations":[{"start":{"line":414,"column":2},"end":{"line":414,"column":30}},{"start":{},"end":{}}],"line":414},"94":{"loc":{"start":{"line":418,"column":2},"end":{"line":421,"column":3}},"type":"if","locations":[{"start":{"line":418,"column":2},"end":{"line":421,"column":3}},{"start":{},"end":{}}],"line":418},"95":{"loc":{"start":{"line":418,"column":6},"end":{"line":418,"column":76}},"type":"binary-expr","locations":[{"start":{"line":418,"column":6},"end":{"line":418,"column":36}},{"start":{"line":418,"column":40},"end":{"line":418,"column":76}}],"line":418},"96":{"loc":{"start":{"line":422,"column":2},"end":{"line":425,"column":3}},"type":"if","locations":[{"start":{"line":422,"column":2},"end":{"line":425,"column":3}},{"start":{},"end":{}}],"line":422},"97":{"loc":{"start":{"line":429,"column":2},"end":{"line":439,"column":3}},"type":"if","locations":[{"start":{"line":429,"column":2},"end":{"line":439,"column":3}},{"start":{"line":431,"column":9},"end":{"line":439,"column":3}}],"line":429},"98":{"loc":{"start":{"line":431,"column":9},"end":{"line":439,"column":3}},"type":"if","locations":[{"start":{"line":431,"column":9},"end":{"line":439,"column":3}},{"start":{"line":433,"column":9},"end":{"line":439,"column":3}}],"line":431},"99":{"loc":{"start":{"line":431,"column":32},"end":{"line":431,"column":46}},"type":"binary-expr","locations":[{"start":{"line":431,"column":32},"end":{"line":431,"column":40}},{"start":{"line":431,"column":44},"end":{"line":431,"column":46}}],"line":431},"100":{"loc":{"start":{"line":434,"column":22},"end":{"line":434,"column":34}},"type":"binary-expr","locations":[{"start":{"line":434,"column":22},"end":{"line":434,"column":28}},{"start":{"line":434,"column":32},"end":{"line":434,"column":34}}],"line":434},"101":{"loc":{"start":{"line":436,"column":4},"end":{"line":438,"column":5}},"type":"if","locations":[{"start":{"line":436,"column":4},"end":{"line":438,"column":5}},{"start":{},"end":{}}],"line":436},"102":{"loc":{"start":{"line":436,"column":8},"end":{"line":436,"column":36}},"type":"binary-expr","locations":[{"start":{"line":436,"column":8},"end":{"line":436,"column":9}},{"start":{"line":436,"column":13},"end":{"line":436,"column":36}}],"line":436},"103":{"loc":{"start":{"line":440,"column":2},"end":{"line":446,"column":3}},"type":"if","locations":[{"start":{"line":440,"column":2},"end":{"line":446,"column":3}},{"start":{},"end":{}}],"line":440},"104":{"loc":{"start":{"line":448,"column":25},"end":{"line":448,"column":93}},"type":"binary-expr","locations":[{"start":{"line":448,"column":25},"end":{"line":448,"column":55}},{"start":{"line":448,"column":59},"end":{"line":448,"column":93}}],"line":448},"105":{"loc":{"start":{"line":452,"column":4},"end":{"line":452,"column":58}},"type":"if","locations":[{"start":{"line":452,"column":4},"end":{"line":452,"column":58}},{"start":{},"end":{}}],"line":452},"106":{"loc":{"start":{"line":453,"column":4},"end":{"line":453,"column":42}},"type":"if","locations":[{"start":{"line":453,"column":4},"end":{"line":453,"column":42}},{"start":{},"end":{}}],"line":453},"107":{"loc":{"start":{"line":454,"column":4},"end":{"line":454,"column":88}},"type":"if","locations":[{"start":{"line":454,"column":4},"end":{"line":454,"column":88}},{"start":{},"end":{}}],"line":454},"108":{"loc":{"start":{"line":454,"column":8},"end":{"line":454,"column":42}},"type":"binary-expr","locations":[{"start":{"line":454,"column":8},"end":{"line":454,"column":18}},{"start":{"line":454,"column":22},"end":{"line":454,"column":42}}],"line":454},"109":{"loc":{"start":{"line":456,"column":2},"end":{"line":456,"column":69}},"type":"if","locations":[{"start":{"line":456,"column":2},"end":{"line":456,"column":69}},{"start":{},"end":{}}],"line":456},"110":{"loc":{"start":{"line":464,"column":2},"end":{"line":464,"column":53}},"type":"if","locations":[{"start":{"line":464,"column":2},"end":{"line":464,"column":53}},{"start":{},"end":{}}],"line":464},"111":{"loc":{"start":{"line":465,"column":15},"end":{"line":465,"column":78}},"type":"cond-expr","locations":[{"start":{"line":465,"column":39},"end":{"line":465,"column":45}},{"start":{"line":465,"column":48},"end":{"line":465,"column":78}}],"line":465},"112":{"loc":{"start":{"line":469,"column":35},"end":{"line":469,"column":50}},"type":"default-arg","locations":[{"start":{"line":469,"column":44},"end":{"line":469,"column":50}}],"line":469},"113":{"loc":{"start":{"line":469,"column":52},"end":{"line":469,"column":63}},"type":"default-arg","locations":[{"start":{"line":469,"column":58},"end":{"line":469,"column":63}}],"line":469},"114":{"loc":{"start":{"line":471,"column":4},"end":{"line":471,"column":100}},"type":"if","locations":[{"start":{"line":471,"column":4},"end":{"line":471,"column":100}},{"start":{},"end":{}}],"line":471},"115":{"loc":{"start":{"line":471,"column":37},"end":{"line":471,"column":100}},"type":"cond-expr","locations":[{"start":{"line":471,"column":58},"end":{"line":471,"column":88}},{"start":{"line":471,"column":91},"end":{"line":471,"column":100}}],"line":471},"116":{"loc":{"start":{"line":471,"column":37},"end":{"line":471,"column":55}},"type":"binary-expr","locations":[{"start":{"line":471,"column":37},"end":{"line":471,"column":40}},{"start":{"line":471,"column":44},"end":{"line":471,"column":55}}],"line":471},"117":{"loc":{"start":{"line":472,"column":11},"end":{"line":472,"column":60}},"type":"cond-expr","locations":[{"start":{"line":472,"column":32},"end":{"line":472,"column":48}},{"start":{"line":472,"column":51},"end":{"line":472,"column":60}}],"line":472},"118":{"loc":{"start":{"line":472,"column":11},"end":{"line":472,"column":29}},"type":"binary-expr","locations":[{"start":{"line":472,"column":11},"end":{"line":472,"column":14}},{"start":{"line":472,"column":18},"end":{"line":472,"column":29}}],"line":472},"119":{"loc":{"start":{"line":478,"column":33},"end":{"line":478,"column":40}},"type":"default-arg","locations":[{"start":{"line":478,"column":38},"end":{"line":478,"column":40}}],"line":478},"120":{"loc":{"start":{"line":480,"column":4},"end":{"line":480,"column":19}},"type":"default-arg","locations":[{"start":{"line":480,"column":13},"end":{"line":480,"column":19}}],"line":480},"121":{"loc":{"start":{"line":481,"column":4},"end":{"line":481,"column":15}},"type":"default-arg","locations":[{"start":{"line":481,"column":10},"end":{"line":481,"column":15}}],"line":481},"122":{"loc":{"start":{"line":482,"column":4},"end":{"line":482,"column":25}},"type":"default-arg","locations":[{"start":{"line":482,"column":16},"end":{"line":482,"column":25}}],"line":482},"123":{"loc":{"start":{"line":483,"column":4},"end":{"line":483,"column":27}},"type":"default-arg","locations":[{"start":{"line":483,"column":22},"end":{"line":483,"column":27}}],"line":483},"124":{"loc":{"start":{"line":484,"column":4},"end":{"line":484,"column":23}},"type":"default-arg","locations":[{"start":{"line":484,"column":19},"end":{"line":484,"column":23}}],"line":484},"125":{"loc":{"start":{"line":485,"column":4},"end":{"line":485,"column":20}},"type":"default-arg","locations":[{"start":{"line":485,"column":17},"end":{"line":485,"column":20}}],"line":485},"126":{"loc":{"start":{"line":491,"column":4},"end":{"line":497,"column":5}},"type":"if","locations":[{"start":{"line":491,"column":4},"end":{"line":497,"column":5}},{"start":{},"end":{}}],"line":491},"127":{"loc":{"start":{"line":493,"column":6},"end":{"line":493,"column":55}},"type":"if","locations":[{"start":{"line":493,"column":6},"end":{"line":493,"column":55}},{"start":{},"end":{}}],"line":493},"128":{"loc":{"start":{"line":494,"column":6},"end":{"line":494,"column":108}},"type":"if","locations":[{"start":{"line":494,"column":6},"end":{"line":494,"column":108}},{"start":{},"end":{}}],"line":494},"129":{"loc":{"start":{"line":494,"column":31},"end":{"line":494,"column":108}},"type":"cond-expr","locations":[{"start":{"line":494,"column":51},"end":{"line":494,"column":95}},{"start":{"line":494,"column":98},"end":{"line":494,"column":108}}],"line":494},"130":{"loc":{"start":{"line":494,"column":31},"end":{"line":494,"column":48}},"type":"binary-expr","locations":[{"start":{"line":494,"column":31},"end":{"line":494,"column":34}},{"start":{"line":494,"column":38},"end":{"line":494,"column":48}}],"line":494},"131":{"loc":{"start":{"line":499,"column":4},"end":{"line":504,"column":5}},"type":"if","locations":[{"start":{"line":499,"column":4},"end":{"line":504,"column":5}},{"start":{},"end":{}}],"line":499},"132":{"loc":{"start":{"line":500,"column":6},"end":{"line":500,"column":64}},"type":"if","locations":[{"start":{"line":500,"column":6},"end":{"line":500,"column":64}},{"start":{},"end":{}}],"line":500},"133":{"loc":{"start":{"line":501,"column":6},"end":{"line":501,"column":126}},"type":"if","locations":[{"start":{"line":501,"column":6},"end":{"line":501,"column":126}},{"start":{},"end":{}}],"line":501},"134":{"loc":{"start":{"line":501,"column":31},"end":{"line":501,"column":126}},"type":"cond-expr","locations":[{"start":{"line":501,"column":51},"end":{"line":501,"column":104}},{"start":{"line":501,"column":107},"end":{"line":501,"column":126}}],"line":501},"135":{"loc":{"start":{"line":501,"column":31},"end":{"line":501,"column":48}},"type":"binary-expr","locations":[{"start":{"line":501,"column":31},"end":{"line":501,"column":34}},{"start":{"line":501,"column":38},"end":{"line":501,"column":48}}],"line":501},"136":{"loc":{"start":{"line":507,"column":6},"end":{"line":507,"column":71}},"type":"if","locations":[{"start":{"line":507,"column":6},"end":{"line":507,"column":71}},{"start":{},"end":{}}],"line":507},"137":{"loc":{"start":{"line":507,"column":10},"end":{"line":507,"column":40}},"type":"binary-expr","locations":[{"start":{"line":507,"column":10},"end":{"line":507,"column":25}},{"start":{"line":507,"column":29},"end":{"line":507,"column":40}}],"line":507},"138":{"loc":{"start":{"line":514,"column":31},"end":{"line":514,"column":43}},"type":"default-arg","locations":[{"start":{"line":514,"column":41},"end":{"line":514,"column":43}}],"line":514},"139":{"loc":{"start":{"line":519,"column":6},"end":{"line":519,"column":58}},"type":"if","locations":[{"start":{"line":519,"column":6},"end":{"line":519,"column":58}},{"start":{},"end":{}}],"line":519},"140":{"loc":{"start":{"line":522,"column":17},"end":{"line":522,"column":31}},"type":"default-arg","locations":[{"start":{"line":522,"column":29},"end":{"line":522,"column":31}}],"line":522},"141":{"loc":{"start":{"line":527,"column":39},"end":{"line":527,"column":51}},"type":"default-arg","locations":[{"start":{"line":527,"column":49},"end":{"line":527,"column":51}}],"line":527},"142":{"loc":{"start":{"line":527,"column":53},"end":{"line":527,"column":67}},"type":"default-arg","locations":[{"start":{"line":527,"column":65},"end":{"line":527,"column":67}}],"line":527}},"s":{"0":1,"1":1,"2":1,"3":1,"4":1,"5":1,"6":1,"7":1,"8":23,"9":23,"10":23,"11":23,"12":0,"13":0,"14":23,"15":0,"16":0,"17":23,"18":23,"19":23,"20":21,"21":1,"22":14,"23":14,"24":14,"25":14,"26":9,"27":5,"28":5,"29":0,"30":16,"31":16,"32":0,"33":16,"34":16,"35":15,"36":6,"37":6,"38":6,"39":2,"40":4,"41":0,"42":9,"43":16,"44":16,"45":0,"46":16,"47":0,"48":16,"49":10,"50":0,"51":10,"52":10,"53":10,"54":0,"55":1,"56":14,"57":1,"58":14,"59":14,"60":1,"61":14,"62":1,"63":13,"64":13,"65":0,"66":0,"67":13,"68":1,"69":1,"70":12,"71":12,"72":12,"73":4,"74":8,"75":0,"76":8,"77":8,"78":8,"79":1,"80":12,"81":7,"82":7,"83":0,"84":0,"85":12,"86":12,"87":12,"88":12,"89":12,"90":1,"91":1,"92":11,"93":3,"94":11,"95":6,"96":6,"97":5,"98":0,"99":0,"100":5,"101":8,"102":8,"103":8,"104":0,"105":8,"106":8,"107":8,"108":46,"109":46,"110":46,"111":50,"112":0,"113":50,"114":50,"115":1,"116":50,"117":50,"118":0,"119":50,"120":50,"121":50,"122":50,"123":1,"124":50,"125":0,"126":50,"127":4,"128":50,"129":0,"130":0,"131":0,"132":0,"133":0,"134":0,"135":0,"136":0,"137":0,"138":0,"139":0,"140":0,"141":0,"142":0,"143":0,"144":0,"145":0,"146":0,"147":4,"148":0,"149":4,"150":4,"151":4,"152":0,"153":28,"154":0,"155":28,"156":0,"157":28,"158":28,"159":28,"160":4,"161":4,"162":0,"163":24,"164":14,"165":0,"166":14,"167":14,"168":0,"169":14,"170":14,"171":11,"172":11,"173":11,"174":23,"175":23,"176":7,"177":16,"178":4,"179":4,"180":16,"181":0,"182":4,"183":0,"184":0,"185":0,"186":0,"187":0,"188":0,"189":0,"190":0,"191":0,"192":4,"193":0,"194":4,"195":3,"196":3,"197":3,"198":0,"199":4,"200":4,"201":4,"202":4,"203":4,"204":23,"205":0,"206":23,"207":23,"208":23,"209":23,"210":7,"211":16,"212":16,"213":0,"214":16,"215":3,"216":3,"217":3,"218":3,"219":3,"220":0,"221":0,"222":0,"223":0,"224":26,"225":0,"226":26,"227":0,"228":26,"229":0,"230":26,"231":26,"232":0,"233":26,"234":0,"235":26,"236":1,"237":2,"238":2,"239":2,"240":0,"241":2,"242":0,"243":2,"244":2,"245":2,"246":2,"247":2,"248":2,"249":0,"250":2,"251":0,"252":2,"253":2,"254":0,"255":0,"256":2,"257":0,"258":0,"259":2,"260":2,"261":2,"262":0,"263":2,"264":0,"265":2,"266":2,"267":2,"268":1,"269":2,"270":1,"271":1,"272":0,"273":2,"274":2,"275":2,"276":2,"277":2,"278":0,"279":2,"280":0,"281":2,"282":1,"283":1,"284":0,"285":1,"286":2,"287":2,"288":2,"289":1,"290":1,"291":1,"292":2,"293":2,"294":0,"295":2,"296":0,"297":2,"298":2,"299":2,"300":2,"301":0,"302":0,"303":0,"304":0,"305":0,"306":0,"307":0,"308":2,"309":2,"310":1,"311":0,"312":1,"313":1,"314":0,"315":0,"316":1,"317":1,"318":1,"319":0,"320":1,"321":1,"322":0,"323":0,"324":0,"325":0,"326":0,"327":0,"328":0,"329":1,"330":2,"331":2},"f":{"0":23,"1":14,"2":16,"3":10,"4":14,"5":14,"6":8,"7":8,"8":8,"9":8,"10":46,"11":50,"12":50,"13":0,"14":4,"15":28,"16":14,"17":16,"18":4,"19":23,"20":3,"21":26,"22":26,"23":2,"24":2,"25":2,"26":2,"27":2,"28":2,"29":2,"30":0,"31":0,"32":0,"33":2},"b":{"0":[0],"1":[23,23],"2":[0,23],"3":[0,23],"4":[21,2],"5":[9,5],"6":[14,14],"7":[5,0],"8":[16,0],"9":[0,16],"10":[15,1],"11":[6,9],"12":[2,4],"13":[6,6],"14":[0,16],"15":[0,10],"16":[14,1],"17":[1,13],"18":[1,13],"19":[0,13],"20":[13,0],"21":[1,12],"22":[4,8],"23":[0,8],"24":[8,0],"25":[8,0],"26":[1,7],"27":[8,1],"28":[7,5],"29":[12,12],"30":[1,11],"31":[3,8],"32":[6,5],"33":[11,8],"34":[0,5],"35":[0,8],"36":[8,0],"37":[0,50],"38":[50,0],"39":[50,0],"40":[50,0],"41":[0],"42":[1,49],"43":[0,50],"44":[4,46],"45":[0,0],"46":[0,0],"47":[0,0],"48":[0,0],"49":[0,4],"50":[4,4],"51":[0,28],"52":[0,28],"53":[4,0],"54":[0,14],"55":[0,14],"56":[11,3],"57":[14,11],"58":[7,16],"59":[23,16],"60":[4,0],"61":[0,4],"62":[0,0],"63":[0,0],"64":[0,0,0],"65":[0,0],"66":[0,0],"67":[0,0],"68":[0,4],"69":[4,4,4],"70":[3,0],"71":[0,23],"72":[0,23],"73":[0,23],"74":[7,16],"75":[0,16],"76":[0,3],"77":[0,3],"78":[3,0],"79":[0,0],"80":[0,0,0],"81":[0,26],"82":[0,26],"83":[0,26],"84":[0,26],"85":[0,26],"86":[0],"87":[1,1],"88":[2,2],"89":[0,2],"90":[0,2],"91":[2,0],"92":[0,2],"93":[0,2],"94":[0,2],"95":[2,0],"96":[0,2],"97":[0,2],"98":[0,2],"99":[2,0],"100":[2,0],"101":[1,1],"102":[2,1],"103":[1,1],"104":[2,2],"105":[0,2],"106":[0,2],"107":[1,1],"108":[2,2],"109":[0,1],"110":[1,1],"111":[0,1],"112":[0],"113":[0],"114":[0,2],"115":[0,0],"116":[0,0],"117":[2,0],"118":[2,2],"119":[0],"120":[0],"121":[0],"122":[0],"123":[2],"124":[2],"125":[2],"126":[0,2],"127":[0,0],"128":[0,0],"129":[0,0],"130":[0,0],"131":[1,1],"132":[0,1],"133":[1,0],"134":[1,0],"135":[1,1],"136":[0,1],"137":[1,0],"138":[0],"139":[0,0],"140":[0],"141":[0],"142":[0]},"_coverageSchema":"1a1c01bbd47fc00a2c39e90264f33305004495a9","hash":"8ca02e3fc0e2484bb8d410309a791c59980bf5e7"}
}
