TN:
SF:lib\index.js
FN:17,(anonymous_0)
FN:65,(anonymous_1)
FN:84,normalizeAndParseInput
FN:126,isPublicUnicast
FN:136,(anonymous_4)
FN:141,(anonymous_5)
FN:214,lookupAll
FN:215,(anonymous_7)
FN:216,(anonymous_8)
FN:218,(anonymous_9)
FN:225,clearList
FN:231,mergeLists
FN:238,normalizeRawLists
FN:246,loadListFile
FN:274,parseCidrSafe
FN:284,isIpInLists
FN:300,normalizePossiblyNonDecimalIPv4
FN:320,(anonymous_17)
FN:341,intToIPv4
FN:349,parseIPv4Component
FN:360,parseIPv4Integer
FN:370,detectBase
FN:378,stripBasePrefix
FN:391,buildConfigFromOptions
FN:407,CheckSchemaWith
FN:411,evaluatePoliciesWith
FN:461,validateAndFormat
FN:469,extractInputFromReq
FN:478,makeMiddleware
FN:489,ssrfMiddleware
FN:514,create
FN:517,(anonymous_31)
FN:522,(anonymous_32)
FN:527,middleware
FNF:34
FNH:30
FNDA:23,(anonymous_0)
FNDA:14,(anonymous_1)
FNDA:16,normalizeAndParseInput
FNDA:10,isPublicUnicast
FNDA:14,(anonymous_4)
FNDA:14,(anonymous_5)
FNDA:8,lookupAll
FNDA:8,(anonymous_7)
FNDA:8,(anonymous_8)
FNDA:8,(anonymous_9)
FNDA:46,clearList
FNDA:50,mergeLists
FNDA:50,normalizeRawLists
FNDA:0,loadListFile
FNDA:4,parseCidrSafe
FNDA:28,isIpInLists
FNDA:14,normalizePossiblyNonDecimalIPv4
FNDA:16,(anonymous_17)
FNDA:4,intToIPv4
FNDA:23,parseIPv4Component
FNDA:3,parseIPv4Integer
FNDA:26,detectBase
FNDA:26,stripBasePrefix
FNDA:2,buildConfigFromOptions
FNDA:2,CheckSchemaWith
FNDA:2,evaluatePoliciesWith
FNDA:2,validateAndFormat
FNDA:2,extractInputFromReq
FNDA:2,makeMiddleware
FNDA:2,ssrfMiddleware
FNDA:0,create
FNDA:0,(anonymous_31)
FNDA:0,(anonymous_32)
FNDA:2,middleware
DA:1,1
DA:2,1
DA:3,1
DA:6,1
DA:11,1
DA:14,1
DA:15,1
DA:17,1
DA:34,23
DA:35,23
DA:38,23
DA:39,23
DA:40,0
DA:41,0
DA:43,23
DA:44,0
DA:45,0
DA:49,23
DA:54,23
DA:60,23
DA:61,21
DA:65,1
DA:66,14
DA:68,14
DA:71,14
DA:72,14
DA:73,9
DA:77,5
DA:78,5
DA:80,0
DA:85,16
DA:86,16
DA:87,0
DA:91,16
DA:92,16
DA:94,15
DA:95,6
DA:96,6
DA:97,6
DA:98,2
DA:100,4
DA:103,0
DA:106,9
DA:112,16
DA:113,16
DA:115,0
DA:119,16
DA:120,0
DA:122,16
DA:127,10
DA:128,10
DA:129,10
DA:130,10
DA:132,0
DA:136,1
DA:138,14
DA:141,1
DA:142,14
DA:145,14
DA:146,14
DA:148,13
DA:151,13
DA:152,0
DA:153,0
DA:155,13
DA:156,1
DA:157,1
DA:161,12
DA:163,12
DA:164,12
DA:165,4
DA:166,8
DA:167,0
DA:170,8
DA:171,8
DA:172,8
DA:173,1
DA:177,12
DA:178,7
DA:179,7
DA:181,0
DA:182,0
DA:187,12
DA:188,12
DA:189,12
DA:190,12
DA:192,12
DA:193,1
DA:194,1
DA:197,11
DA:200,11
DA:201,6
DA:202,6
DA:206,5
DA:207,0
DA:208,0
DA:211,5
DA:215,8
DA:216,8
DA:217,8
DA:218,8
DA:219,8
DA:226,46
DA:227,46
DA:228,46
DA:232,50
DA:233,50
DA:234,50
DA:235,50
DA:239,50
DA:240,50
DA:241,50
DA:242,50
DA:243,50
DA:247,0
DA:248,0
DA:249,0
DA:250,0
DA:251,0
DA:252,0
DA:253,0
DA:255,0
DA:256,0
DA:257,0
DA:258,0
DA:261,0
DA:262,0
DA:263,0
DA:266,0
DA:268,0
DA:270,0
DA:275,4
DA:276,4
DA:277,4
DA:278,4
DA:280,0
DA:285,28
DA:286,28
DA:287,28
DA:288,28
DA:289,28
DA:290,4
DA:293,0
DA:295,24
DA:301,14
DA:302,14
DA:303,14
DA:309,14
DA:310,14
DA:311,11
DA:312,11
DA:313,23
DA:314,23
DA:315,16
DA:319,4
DA:320,16
DA:321,4
DA:322,0
DA:323,0
DA:324,0
DA:325,0
DA:326,0
DA:327,0
DA:329,0
DA:331,4
DA:332,4
DA:336,3
DA:337,3
DA:338,0
DA:342,4
DA:343,4
DA:344,4
DA:345,4
DA:346,4
DA:350,23
DA:351,23
DA:352,23
DA:353,23
DA:354,23
DA:355,16
DA:356,16
DA:357,16
DA:361,3
DA:362,3
DA:363,3
DA:364,3
DA:365,0
DA:366,0
DA:367,0
DA:371,26
DA:372,26
DA:374,26
DA:375,26
DA:379,26
DA:380,26
DA:381,26
DA:384,1
DA:392,2
DA:399,2
DA:400,2
DA:401,2
DA:402,2
DA:403,2
DA:404,2
DA:408,2
DA:412,2
DA:413,2
DA:414,2
DA:416,2
DA:418,2
DA:419,0
DA:420,0
DA:422,2
DA:423,0
DA:424,0
DA:427,2
DA:428,2
DA:429,2
DA:430,0
DA:431,2
DA:432,0
DA:434,2
DA:435,2
DA:436,2
DA:437,1
DA:440,2
DA:441,1
DA:442,1
DA:444,0
DA:448,2
DA:449,2
DA:450,2
DA:451,2
DA:452,2
DA:453,2
DA:454,2
DA:456,1
DA:458,1
DA:462,2
DA:463,2
DA:464,2
DA:465,1
DA:466,1
DA:470,2
DA:471,2
DA:472,2
DA:474,0
DA:487,2
DA:489,2
DA:490,2
DA:491,2
DA:492,0
DA:493,0
DA:494,0
DA:495,0
DA:496,0
DA:498,2
DA:499,2
DA:500,1
DA:501,1
DA:502,0
DA:503,0
DA:505,1
DA:506,1
DA:507,1
DA:509,1
DA:514,1
DA:515,0
DA:516,0
DA:518,0
DA:519,0
DA:520,0
DA:522,0
DA:527,1
DA:528,2
DA:529,2
LF:276
LH:208
BRDA:17,0,0,0
BRDA:38,1,0,23
BRDA:38,1,1,23
BRDA:39,2,0,0
BRDA:39,2,1,23
BRDA:43,3,0,0
BRDA:43,3,1,23
BRDA:60,4,0,21
BRDA:60,4,1,2
BRDA:72,5,0,9
BRDA:72,5,1,5
BRDA:72,6,0,14
BRDA:72,6,1,14
BRDA:77,7,0,5
BRDA:77,7,1,0
BRDA:85,8,0,16
BRDA:85,8,1,0
BRDA:86,9,0,0
BRDA:86,9,1,16
BRDA:92,10,0,15
BRDA:92,10,1,1
BRDA:94,11,0,6
BRDA:94,11,1,9
BRDA:97,12,0,2
BRDA:97,12,1,4
BRDA:97,13,0,6
BRDA:97,13,1,6
BRDA:119,14,0,0
BRDA:119,14,1,16
BRDA:127,15,0,0
BRDA:127,15,1,10
BRDA:138,16,0,14
BRDA:138,16,1,1
BRDA:145,17,0,1
BRDA:145,17,1,13
BRDA:146,18,0,1
BRDA:146,18,1,13
BRDA:151,19,0,0
BRDA:151,19,1,13
BRDA:151,20,0,13
BRDA:151,20,1,0
BRDA:155,21,0,1
BRDA:155,21,1,12
BRDA:164,22,0,4
BRDA:164,22,1,8
BRDA:166,23,0,0
BRDA:166,23,1,8
BRDA:166,24,0,8
BRDA:166,24,1,0
BRDA:170,25,0,8
BRDA:170,25,1,0
BRDA:172,26,0,1
BRDA:172,26,1,7
BRDA:172,27,0,8
BRDA:172,27,1,1
BRDA:177,28,0,7
BRDA:177,28,1,5
BRDA:187,29,0,12
BRDA:187,29,1,12
BRDA:192,30,0,1
BRDA:192,30,1,11
BRDA:197,31,0,3
BRDA:197,31,1,8
BRDA:200,32,0,6
BRDA:200,32,1,5
BRDA:200,33,0,11
BRDA:200,33,1,8
BRDA:206,34,0,0
BRDA:206,34,1,5
BRDA:217,35,0,0
BRDA:217,35,1,8
BRDA:218,36,0,8
BRDA:218,36,1,0
BRDA:232,37,0,0
BRDA:232,37,1,50
BRDA:233,38,0,50
BRDA:233,38,1,0
BRDA:234,39,0,50
BRDA:234,39,1,0
BRDA:235,40,0,50
BRDA:235,40,1,0
BRDA:238,41,0,0
BRDA:240,42,0,1
BRDA:240,42,1,49
BRDA:241,43,0,0
BRDA:241,43,1,50
BRDA:242,44,0,4
BRDA:242,44,1,46
BRDA:253,45,0,0
BRDA:253,45,1,0
BRDA:253,46,0,0
BRDA:253,46,1,0
BRDA:256,47,0,0
BRDA:256,47,1,0
BRDA:261,48,0,0
BRDA:261,48,1,0
BRDA:275,49,0,0
BRDA:275,49,1,4
BRDA:275,50,0,4
BRDA:275,50,1,4
BRDA:285,51,0,0
BRDA:285,51,1,28
BRDA:286,52,0,0
BRDA:286,52,1,28
BRDA:290,53,0,4
BRDA:290,53,1,0
BRDA:301,54,0,0
BRDA:301,54,1,14
BRDA:303,55,0,0
BRDA:303,55,1,14
BRDA:310,56,0,11
BRDA:310,56,1,3
BRDA:310,57,0,14
BRDA:310,57,1,11
BRDA:314,58,0,7
BRDA:314,58,1,16
BRDA:314,59,0,23
BRDA:314,59,1,16
BRDA:319,60,0,4
BRDA:319,60,1,0
BRDA:320,61,0,0
BRDA:320,61,1,4
BRDA:322,62,0,0
BRDA:322,62,1,0
BRDA:323,63,0,0
BRDA:323,63,1,0
BRDA:323,64,0,0
BRDA:323,64,1,0
BRDA:323,64,2,0
BRDA:325,65,0,0
BRDA:325,65,1,0
BRDA:326,66,0,0
BRDA:326,66,1,0
BRDA:326,67,0,0
BRDA:326,67,1,0
BRDA:331,68,0,0
BRDA:331,68,1,4
BRDA:331,69,0,4
BRDA:331,69,1,4
BRDA:331,69,2,4
BRDA:337,70,0,3
BRDA:337,70,1,0
BRDA:350,71,0,0
BRDA:350,71,1,23
BRDA:353,72,0,0
BRDA:353,72,1,23
BRDA:353,73,0,0
BRDA:353,73,1,23
BRDA:354,74,0,7
BRDA:354,74,1,16
BRDA:356,75,0,0
BRDA:356,75,1,16
BRDA:363,76,0,0
BRDA:363,76,1,3
BRDA:363,77,0,0
BRDA:363,77,1,3
BRDA:364,78,0,3
BRDA:364,78,1,0
BRDA:366,79,0,0
BRDA:366,79,1,0
BRDA:366,80,0,0
BRDA:366,80,1,0
BRDA:366,80,2,0
BRDA:371,81,0,0
BRDA:371,81,1,26
BRDA:372,82,0,0
BRDA:372,82,1,26
BRDA:374,83,0,0
BRDA:374,83,1,26
BRDA:379,84,0,0
BRDA:379,84,1,26
BRDA:380,85,0,0
BRDA:380,85,1,26
BRDA:391,86,0,0
BRDA:397,87,0,1
BRDA:397,87,1,1
BRDA:399,88,0,2
BRDA:399,88,1,2
BRDA:400,89,0,0
BRDA:400,89,1,2
BRDA:401,90,0,0
BRDA:401,90,1,2
BRDA:408,91,0,2
BRDA:408,91,1,0
BRDA:413,92,0,0
BRDA:413,92,1,2
BRDA:414,93,0,0
BRDA:414,93,1,2
BRDA:418,94,0,0
BRDA:418,94,1,2
BRDA:418,95,0,2
BRDA:418,95,1,0
BRDA:422,96,0,0
BRDA:422,96,1,2
BRDA:429,97,0,0
BRDA:429,97,1,2
BRDA:431,98,0,0
BRDA:431,98,1,2
BRDA:431,99,0,2
BRDA:431,99,1,0
BRDA:434,100,0,2
BRDA:434,100,1,0
BRDA:436,101,0,1
BRDA:436,101,1,1
BRDA:436,102,0,2
BRDA:436,102,1,1
BRDA:440,103,0,1
BRDA:440,103,1,1
BRDA:448,104,0,2
BRDA:448,104,1,2
BRDA:452,105,0,0
BRDA:452,105,1,2
BRDA:453,106,0,0
BRDA:453,106,1,2
BRDA:454,107,0,1
BRDA:454,107,1,1
BRDA:454,108,0,2
BRDA:454,108,1,2
BRDA:456,109,0,0
BRDA:456,109,1,1
BRDA:464,110,0,1
BRDA:464,110,1,1
BRDA:465,111,0,0
BRDA:465,111,1,1
BRDA:469,112,0,0
BRDA:469,113,0,0
BRDA:471,114,0,0
BRDA:471,114,1,2
BRDA:471,115,0,0
BRDA:471,115,1,0
BRDA:471,116,0,0
BRDA:471,116,1,0
BRDA:472,117,0,2
BRDA:472,117,1,0
BRDA:472,118,0,2
BRDA:472,118,1,2
BRDA:478,119,0,0
BRDA:480,120,0,0
BRDA:481,121,0,0
BRDA:482,122,0,0
BRDA:483,123,0,2
BRDA:484,124,0,2
BRDA:485,125,0,2
BRDA:491,126,0,0
BRDA:491,126,1,2
BRDA:493,127,0,0
BRDA:493,127,1,0
BRDA:494,128,0,0
BRDA:494,128,1,0
BRDA:494,129,0,0
BRDA:494,129,1,0
BRDA:494,130,0,0
BRDA:494,130,1,0
BRDA:499,131,0,1
BRDA:499,131,1,1
BRDA:500,132,0,0
BRDA:500,132,1,1
BRDA:501,133,0,1
BRDA:501,133,1,0
BRDA:501,134,0,1
BRDA:501,134,1,0
BRDA:501,135,0,1
BRDA:501,135,1,1
BRDA:507,136,0,0
BRDA:507,136,1,1
BRDA:507,137,0,1
BRDA:507,137,1,0
BRDA:514,138,0,0
BRDA:519,139,0,0
BRDA:519,139,1,0
BRDA:522,140,0,0
BRDA:527,141,0,0
BRDA:527,142,0,0
BRF:273
BRH:154
end_of_record
